{"name": "Проверка выхода из аккаунта", "status": "broken", "statusDetails": {"message": "selenium.common.exceptions.ElementClickInterceptedException: Message: Element <button class=\"Account_button__14Yp3 text text_type_main-medium text_color_inactive\" type=\"button\"> is not clickable at point (56,373) because another element <div class=\"Modal_modal_overlay__x2ZCr\"> obscures it\nStacktrace:\nRemoteError@chrome://remote/content/shared/RemoteError.sys.mjs:8:8\nWebDriverError@chrome://remote/content/shared/webdriver/Errors.sys.mjs:197:5\nElementClickInterceptedError@chrome://remote/content/shared/webdriver/Errors.sys.mjs:342:5\nwebdriverClickElement@chrome://remote/content/marionette/interaction.sys.mjs:177:11\ninteraction.clickElement@chrome://remote/content/marionette/interaction.sys.mjs:136:11\nclickElement@chrome://remote/content/marionette/actors/MarionetteCommandsChild.sys.mjs:344:29\nreceiveMessage@chrome://remote/content/marionette/actors/MarionetteCommandsChild.sys.mjs:220:31", "trace": "self = <tests.test_user_account_page.TestUserAccount object at 0x000001585327F460>, browser = <selenium.webdriver.firefox.webdriver.WebDriver (session=\"aece713c-7958-4268-9d60-2ed753065e14\")>\n\n    @allure.title('Проверка выхода из аккаунта')\n    @allure.description('Тест проверяет, что можно выйти из аккаунта')\n    @allure.story(\"Выход из аккаунта\")\n    def test_logout(self, browser):\n        with allure.step(\"Инициализация страницы личного кабинета\"):\n            logout = UserAccountPage(browser, LOGIN_URL)\n    \n        with allure.step(\"Переход в личный кабинет\"):\n            logout.check_user_account_button()\n    \n        with allure.step(\"Нажатие на кнопку 'Выйти' и получение текста кнопки 'Войти'\"):\n>           actual_result = logout.click_logout_button()\n\ntests\\test_user_account_page.py:53: \n_ _ _ _ _ _ _ _ _ _ _ _ _ _ _ _ _ _ _ _ _ _ _ _ _ _ _ _ _ _ _ _ _ _ _ _ _ _ _ _ _ _ _ _ _ _ _ _ _ _ _ _ _ _ _ _ _ _ _ _ _ _ _ _ _ _ _ _ _ _ _ _ _ _ _ _ _ _ _ _ _ _ _ _ _ _ _ _ _ _ _ _ _ _ _ _ _ _ _ _ _\npages\\user_account_page.py:30: in click_logout_button\n    self.click(UAL.BUTTON_EXIT)\npages\\base_page.py:60: in click\n    ).click()\nD:\\REPO\\Python\\Yandex\\Sunshine\\.venv\\Lib\\site-packages\\selenium\\webdriver\\remote\\webelement.py:94: in click\n    self._execute(Command.CLICK_ELEMENT)\nD:\\REPO\\Python\\Yandex\\Sunshine\\.venv\\Lib\\site-packages\\selenium\\webdriver\\remote\\webelement.py:395: in _execute\n    return self._parent.execute(command, params)\nD:\\REPO\\Python\\Yandex\\Sunshine\\.venv\\Lib\\site-packages\\selenium\\webdriver\\remote\\webdriver.py:384: in execute\n    self.error_handler.check_response(response)\n_ _ _ _ _ _ _ _ _ _ _ _ _ _ _ _ _ _ _ _ _ _ _ _ _ _ _ _ _ _ _ _ _ _ _ _ _ _ _ _ _ _ _ _ _ _ _ _ _ _ _ _ _ _ _ _ _ _ _ _ _ _ _ _ _ _ _ _ _ _ _ _ _ _ _ _ _ _ _ _ _ _ _ _ _ _ _ _ _ _ _ _ _ _ _ _ _ _ _ _ _\n\nself = <selenium.webdriver.remote.errorhandler.ErrorHandler object at 0x000001585348C3B0>\nresponse = {'status': 400, 'value': '{\"value\":{\"error\":\"element click intercepted\",\"message\":\"Element <button class=\\\\\"Account_bu...ys.mjs:344:29\\\\nreceiveMessage@chrome://remote/content/marionette/actors/MarionetteCommandsChild.sys.mjs:220:31\\\\n\"}}'}\n\n    def check_response(self, response: Dict[str, Any]) -> None:\n        \"\"\"Checks that a JSON response from the WebDriver does not have an\n        error.\n    \n        :Args:\n         - response - The JSON response from the WebDriver server as a dictionary\n           object.\n    \n        :Raises: If the response contains an error message.\n        \"\"\"\n        status = response.get(\"status\", None)\n        if not status or status == ErrorCode.SUCCESS:\n            return\n        value = None\n        message = response.get(\"message\", \"\")\n        screen: str = response.get(\"screen\", \"\")\n        stacktrace = None\n        if isinstance(status, int):\n            value_json = response.get(\"value\", None)\n            if value_json and isinstance(value_json, str):\n                import json\n    \n                try:\n                    value = json.loads(value_json)\n                    if len(value) == 1:\n                        value = value[\"value\"]\n                    status = value.get(\"error\", None)\n                    if not status:\n                        status = value.get(\"status\", ErrorCode.UNKNOWN_ERROR)\n                        message = value.get(\"value\") or value.get(\"message\")\n                        if not isinstance(message, str):\n                            value = message\n                            message = message.get(\"message\")\n                    else:\n                        message = value.get(\"message\", None)\n                except ValueError:\n                    pass\n    \n        exception_class: Type[WebDriverException]\n        e = ErrorCode()\n        error_codes = [item for item in dir(e) if not item.startswith(\"__\")]\n        for error_code in error_codes:\n            error_info = getattr(ErrorCode, error_code)\n            if isinstance(error_info, list) and status in error_info:\n                exception_class = getattr(ExceptionMapping, error_code, WebDriverException)\n                break\n        else:\n            exception_class = WebDriverException\n    \n        if not value:\n            value = response[\"value\"]\n        if isinstance(value, str):\n            raise exception_class(value)\n        if message == \"\" and \"message\" in value:\n            message = value[\"message\"]\n    \n        screen = None  # type: ignore[assignment]\n        if \"screen\" in value:\n            screen = value[\"screen\"]\n    \n        stacktrace = None\n        st_value = value.get(\"stackTrace\") or value.get(\"stacktrace\")\n        if st_value:\n            if isinstance(st_value, str):\n                stacktrace = st_value.split(\"\\n\")\n            else:\n                stacktrace = []\n                try:\n                    for frame in st_value:\n                        line = frame.get(\"lineNumber\", \"\")\n                        file = frame.get(\"fileName\", \"<anonymous>\")\n                        if line:\n                            file = f\"{file}:{line}\"\n                        meth = frame.get(\"methodName\", \"<anonymous>\")\n                        if \"className\" in frame:\n                            meth = f\"{frame['className']}.{meth}\"\n                        msg = \"    at %s (%s)\"\n                        msg = msg % (meth, file)\n                        stacktrace.append(msg)\n                except TypeError:\n                    pass\n        if exception_class == UnexpectedAlertPresentException:\n            alert_text = None\n            if \"data\" in value:\n                alert_text = value[\"data\"].get(\"text\")\n            elif \"alert\" in value:\n                alert_text = value[\"alert\"].get(\"text\")\n            raise exception_class(message, screen, stacktrace, alert_text)  # type: ignore[call-arg]  # mypy is not smart enough here\n>       raise exception_class(message, screen, stacktrace)\nE       selenium.common.exceptions.ElementClickInterceptedException: Message: Element <button class=\"Account_button__14Yp3 text text_type_main-medium text_color_inactive\" type=\"button\"> is not clickable at point (56,373) because another element <div class=\"Modal_modal_overlay__x2ZCr\"> obscures it\nE       Stacktrace:\nE       RemoteError@chrome://remote/content/shared/RemoteError.sys.mjs:8:8\nE       WebDriverError@chrome://remote/content/shared/webdriver/Errors.sys.mjs:197:5\nE       ElementClickInterceptedError@chrome://remote/content/shared/webdriver/Errors.sys.mjs:342:5\nE       webdriverClickElement@chrome://remote/content/marionette/interaction.sys.mjs:177:11\nE       interaction.clickElement@chrome://remote/content/marionette/interaction.sys.mjs:136:11\nE       clickElement@chrome://remote/content/marionette/actors/MarionetteCommandsChild.sys.mjs:344:29\nE       receiveMessage@chrome://remote/content/marionette/actors/MarionetteCommandsChild.sys.mjs:220:31\n\nD:\\REPO\\Python\\Yandex\\Sunshine\\.venv\\Lib\\site-packages\\selenium\\webdriver\\remote\\errorhandler.py:232: ElementClickInterceptedException"}, "description": "Тест проверяет, что можно выйти из аккаунта", "steps": [{"name": "Инициализация страницы личного кабинета", "status": "passed", "steps": [{"name": "Инициализация страницы. Открытие URL: 'https://stellarburgers.nomoreparties.site/login'", "status": "passed", "parameters": [{"name": "driver", "value": "<selenium.webdriver.firefox.webdriver.WebDriver (session=\"aece713c-7958-4268-9d60-2ed753065e14\")>"}, {"name": "url", "value": "'https://stellarburgers.nomoreparties.site/login'"}, {"name": "time", "value": "10"}], "start": 1739852724093, "stop": 1739852724423}], "start": 1739852724093, "stop": 1739852724423}, {"name": "Переход в личный кабинет", "status": "passed", "steps": [{"name": "Переход в личный кабинет и возврат текста со страницы", "status": "passed", "steps": [{"name": "Ожидание исчезновения элемента с локатором: ['xpath', \"//*[contains(@class, 'Modal_modal__loading')]/following::div[@class='Modal_modal_overlay__x2ZCr']\"]", "status": "passed", "parameters": [{"name": "locator", "value": "['xpath', \"//*[contains(@class, 'Modal_modal__loading')]/following::div[@class='Modal_modal_overlay__x2ZCr']\"]"}], "start": 1739852724423, "stop": 1739852724942}, {"name": "Клик по элементу с локатором: ['xpath', \"//p[text()='Личный Кабинет']/parent::a\"]", "status": "passed", "parameters": [{"name": "locator", "value": "['xpath', \"//p[text()='Личный Кабинет']/parent::a\"]"}, {"name": "time", "value": "10"}], "start": 1739852724943, "stop": 1739852725167}, {"name": "Ожидание исчезновения элемента с локатором: ['xpath', \"//*[contains(@class, 'Modal_modal__loading')]/following::div[@class='Modal_modal_overlay__x2ZCr']\"]", "status": "passed", "parameters": [{"name": "locator", "value": "['xpath', \"//*[contains(@class, 'Modal_modal__loading')]/following::div[@class='Modal_modal_overlay__x2ZCr']\"]"}], "start": 1739852725167, "stop": 1739852725176}, {"name": "Получение текста из элемента с локатором: ['xpath', \".//a[text()='Профиль']\"]", "status": "passed", "parameters": [{"name": "locator", "value": "['xpath', \".//a[text()='Профиль']\"]"}, {"name": "time", "value": "10"}], "start": 1739852725176, "stop": 1739852725191}], "start": 1739852724423, "stop": 1739852725191}], "start": 1739852724423, "stop": 1739852725191}, {"name": "Нажатие на кнопку 'Выйти' и получение текста кнопки 'Войти'", "status": "broken", "statusDetails": {"message": "selenium.common.exceptions.ElementClickInterceptedException: Message: Element <button class=\"Account_button__14Yp3 text text_type_main-medium text_color_inactive\" type=\"button\"> is not clickable at point (56,373) because another element <div class=\"Modal_modal_overlay__x2ZCr\"> obscures it\nStacktrace:\nRemoteError@chrome://remote/content/shared/RemoteError.sys.mjs:8:8\nWebDriverError@chrome://remote/content/shared/webdriver/Errors.sys.mjs:197:5\nElementClickInterceptedError@chrome://remote/content/shared/webdriver/Errors.sys.mjs:342:5\nwebdriverClickElement@chrome://remote/content/marionette/interaction.sys.mjs:177:11\ninteraction.clickElement@chrome://remote/content/marionette/interaction.sys.mjs:136:11\nclickElement@chrome://remote/content/marionette/actors/MarionetteCommandsChild.sys.mjs:344:29\nreceiveMessage@chrome://remote/content/marionette/actors/MarionetteCommandsChild.sys.mjs:220:31\n\n", "trace": "  File \"D:\\REPO\\yandex\\Diplom\\Diplom_3\\tests\\test_user_account_page.py\", line 53, in test_logout\n    actual_result = logout.click_logout_button()\n  File \"D:\\REPO\\Python\\Yandex\\Sunshine\\.venv\\Lib\\site-packages\\allure_commons\\_allure.py\", line 192, in impl\n    return func(*a, **kw)\n  File \"D:\\REPO\\yandex\\Diplom\\Diplom_3\\pages\\user_account_page.py\", line 30, in click_logout_button\n    self.click(UAL.BUTTON_EXIT)\n    ~~~~~~~~~~^^^^^^^^^^^^^^^^^\n  File \"D:\\REPO\\Python\\Yandex\\Sunshine\\.venv\\Lib\\site-packages\\allure_commons\\_allure.py\", line 192, in impl\n    return func(*a, **kw)\n  File \"D:\\REPO\\yandex\\Diplom\\Diplom_3\\pages\\base_page.py\", line 60, in click\n    ).click()\n      ~~~~~^^\n  File \"D:\\REPO\\Python\\Yandex\\Sunshine\\.venv\\Lib\\site-packages\\selenium\\webdriver\\remote\\webelement.py\", line 94, in click\n    self._execute(Command.CLICK_ELEMENT)\n    ~~~~~~~~~~~~~^^^^^^^^^^^^^^^^^^^^^^^\n  File \"D:\\REPO\\Python\\Yandex\\Sunshine\\.venv\\Lib\\site-packages\\selenium\\webdriver\\remote\\webelement.py\", line 395, in _execute\n    return self._parent.execute(command, params)\n           ~~~~~~~~~~~~~~~~~~~~^^^^^^^^^^^^^^^^^\n  File \"D:\\REPO\\Python\\Yandex\\Sunshine\\.venv\\Lib\\site-packages\\selenium\\webdriver\\remote\\webdriver.py\", line 384, in execute\n    self.error_handler.check_response(response)\n    ~~~~~~~~~~~~~~~~~~~~~~~~~~~~~~~~~^^^^^^^^^^\n  File \"D:\\REPO\\Python\\Yandex\\Sunshine\\.venv\\Lib\\site-packages\\selenium\\webdriver\\remote\\errorhandler.py\", line 232, in check_response\n    raise exception_class(message, screen, stacktrace)\n"}, "steps": [{"name": "Нажатие кнопки \"Выйти\"", "status": "broken", "statusDetails": {"message": "selenium.common.exceptions.ElementClickInterceptedException: Message: Element <button class=\"Account_button__14Yp3 text text_type_main-medium text_color_inactive\" type=\"button\"> is not clickable at point (56,373) because another element <div class=\"Modal_modal_overlay__x2ZCr\"> obscures it\nStacktrace:\nRemoteError@chrome://remote/content/shared/RemoteError.sys.mjs:8:8\nWebDriverError@chrome://remote/content/shared/webdriver/Errors.sys.mjs:197:5\nElementClickInterceptedError@chrome://remote/content/shared/webdriver/Errors.sys.mjs:342:5\nwebdriverClickElement@chrome://remote/content/marionette/interaction.sys.mjs:177:11\ninteraction.clickElement@chrome://remote/content/marionette/interaction.sys.mjs:136:11\nclickElement@chrome://remote/content/marionette/actors/MarionetteCommandsChild.sys.mjs:344:29\nreceiveMessage@chrome://remote/content/marionette/actors/MarionetteCommandsChild.sys.mjs:220:31\n\n", "trace": "  File \"D:\\REPO\\Python\\Yandex\\Sunshine\\.venv\\Lib\\site-packages\\allure_commons\\_allure.py\", line 192, in impl\n    return func(*a, **kw)\n  File \"D:\\REPO\\yandex\\Diplom\\Diplom_3\\pages\\user_account_page.py\", line 30, in click_logout_button\n    self.click(UAL.BUTTON_EXIT)\n    ~~~~~~~~~~^^^^^^^^^^^^^^^^^\n  File \"D:\\REPO\\Python\\Yandex\\Sunshine\\.venv\\Lib\\site-packages\\allure_commons\\_allure.py\", line 192, in impl\n    return func(*a, **kw)\n  File \"D:\\REPO\\yandex\\Diplom\\Diplom_3\\pages\\base_page.py\", line 60, in click\n    ).click()\n      ~~~~~^^\n  File \"D:\\REPO\\Python\\Yandex\\Sunshine\\.venv\\Lib\\site-packages\\selenium\\webdriver\\remote\\webelement.py\", line 94, in click\n    self._execute(Command.CLICK_ELEMENT)\n    ~~~~~~~~~~~~~^^^^^^^^^^^^^^^^^^^^^^^\n  File \"D:\\REPO\\Python\\Yandex\\Sunshine\\.venv\\Lib\\site-packages\\selenium\\webdriver\\remote\\webelement.py\", line 395, in _execute\n    return self._parent.execute(command, params)\n           ~~~~~~~~~~~~~~~~~~~~^^^^^^^^^^^^^^^^^\n  File \"D:\\REPO\\Python\\Yandex\\Sunshine\\.venv\\Lib\\site-packages\\selenium\\webdriver\\remote\\webdriver.py\", line 384, in execute\n    self.error_handler.check_response(response)\n    ~~~~~~~~~~~~~~~~~~~~~~~~~~~~~~~~~^^^^^^^^^^\n  File \"D:\\REPO\\Python\\Yandex\\Sunshine\\.venv\\Lib\\site-packages\\selenium\\webdriver\\remote\\errorhandler.py\", line 232, in check_response\n    raise exception_class(message, screen, stacktrace)\n"}, "steps": [{"name": "Клик по элементу с локатором: ['xpath', \".//button[text()='Выход']\"]", "status": "broken", "statusDetails": {"message": "selenium.common.exceptions.ElementClickInterceptedException: Message: Element <button class=\"Account_button__14Yp3 text text_type_main-medium text_color_inactive\" type=\"button\"> is not clickable at point (56,373) because another element <div class=\"Modal_modal_overlay__x2ZCr\"> obscures it\nStacktrace:\nRemoteError@chrome://remote/content/shared/RemoteError.sys.mjs:8:8\nWebDriverError@chrome://remote/content/shared/webdriver/Errors.sys.mjs:197:5\nElementClickInterceptedError@chrome://remote/content/shared/webdriver/Errors.sys.mjs:342:5\nwebdriverClickElement@chrome://remote/content/marionette/interaction.sys.mjs:177:11\ninteraction.clickElement@chrome://remote/content/marionette/interaction.sys.mjs:136:11\nclickElement@chrome://remote/content/marionette/actors/MarionetteCommandsChild.sys.mjs:344:29\nreceiveMessage@chrome://remote/content/marionette/actors/MarionetteCommandsChild.sys.mjs:220:31\n\n", "trace": "  File \"D:\\REPO\\Python\\Yandex\\Sunshine\\.venv\\Lib\\site-packages\\allure_commons\\_allure.py\", line 192, in impl\n    return func(*a, **kw)\n  File \"D:\\REPO\\yandex\\Diplom\\Diplom_3\\pages\\base_page.py\", line 60, in click\n    ).click()\n      ~~~~~^^\n  File \"D:\\REPO\\Python\\Yandex\\Sunshine\\.venv\\Lib\\site-packages\\selenium\\webdriver\\remote\\webelement.py\", line 94, in click\n    self._execute(Command.CLICK_ELEMENT)\n    ~~~~~~~~~~~~~^^^^^^^^^^^^^^^^^^^^^^^\n  File \"D:\\REPO\\Python\\Yandex\\Sunshine\\.venv\\Lib\\site-packages\\selenium\\webdriver\\remote\\webelement.py\", line 395, in _execute\n    return self._parent.execute(command, params)\n           ~~~~~~~~~~~~~~~~~~~~^^^^^^^^^^^^^^^^^\n  File \"D:\\REPO\\Python\\Yandex\\Sunshine\\.venv\\Lib\\site-packages\\selenium\\webdriver\\remote\\webdriver.py\", line 384, in execute\n    self.error_handler.check_response(response)\n    ~~~~~~~~~~~~~~~~~~~~~~~~~~~~~~~~~^^^^^^^^^^\n  File \"D:\\REPO\\Python\\Yandex\\Sunshine\\.venv\\Lib\\site-packages\\selenium\\webdriver\\remote\\errorhandler.py\", line 232, in check_response\n    raise exception_class(message, screen, stacktrace)\n"}, "parameters": [{"name": "locator", "value": "['xpath', \".//button[text()='Выход']\"]"}, {"name": "time", "value": "10"}], "start": 1739852725192, "stop": 1739852725206}], "start": 1739852725192, "stop": 1739852725209}], "start": 1739852725191, "stop": 1739852725210}], "parameters": [{"name": "browser", "value": "'firefox'"}], "start": 1739852724093, "stop": 1739852725212, "uuid": "ed7340ae-5e15-471d-a8ad-d1d8a60e1704", "historyId": "5ceb823e3d8e70c1a8f082b2bb41bb0f", "testCaseId": "38e65fad621b152d8ff6b8d7daa45347", "fullName": "tests.test_user_account_page.TestUserAccount#test_logout", "labels": [{"name": "feature", "value": "Личный кабинет"}, {"name": "epic", "value": "Тесты для личного кабинета пользователя"}, {"name": "story", "value": "Выход из аккаунта"}, {"name": "tag", "value": "@pytest.mark.usefixtures('login')"}, {"name": "parentSuite", "value": "tests"}, {"name": "suite", "value": "test_user_account_page"}, {"name": "subSuite", "value": "TestUserAccount"}, {"name": "host", "value": "DESKTOP-1H286BJ"}, {"name": "thread", "value": "29880-MainThread"}, {"name": "framework", "value": "pytest"}, {"name": "language", "value": "cpython3"}, {"name": "package", "value": "tests.test_user_account_page"}]}