{"name": "Проверка появления номера созданного заказа в разделе \"В работе\"", "status": "broken", "statusDetails": {"message": "selenium.common.exceptions.ElementClickInterceptedException: Message: Element <p class=\"AppHeader_header__linkText__3q_va ml-2\"> is not clickable at point (300,44) because another element <div class=\"Modal_modal__contentBox__sCy8X pt-30 pb-30\"> obscures it\nStacktrace:\nRemoteError@chrome://remote/content/shared/RemoteError.sys.mjs:8:8\nWebDriverError@chrome://remote/content/shared/webdriver/Errors.sys.mjs:197:5\nElementClickInterceptedError@chrome://remote/content/shared/webdriver/Errors.sys.mjs:342:5\nwebdriverClickElement@chrome://remote/content/marionette/interaction.sys.mjs:177:11\ninteraction.clickElement@chrome://remote/content/marionette/interaction.sys.mjs:136:11\nclickElement@chrome://remote/content/marionette/actors/MarionetteCommandsChild.sys.mjs:344:29\nreceiveMessage@chrome://remote/content/marionette/actors/MarionetteCommandsChild.sys.mjs:220:31", "trace": "self = <tests.test_feed_page.TestFeedPage object at 0x000001C821D27C50>, browser = <selenium.webdriver.firefox.webdriver.WebDriver (session=\"b151a072-e450-4169-8f6e-f1b275f02255\")>\ncreate_user = ({'email': 'joneskenneth@example.org', 'name': 'Jesse Tate', 'password': '0RUOfb3P^V'}, <Response [200]>), login_random_user = None\ncreate_order = <pages.main_page.MainPage object at 0x000001C821E6F110>\n\n    @allure.title('Проверка появления номера созданного заказа в разделе \"В работе\"')\n    @allure.description('Тест проверяет, что после оформления заказа его номер появляется в разделе В работе')\n    def test_order_number_appeared_in_work(self, browser, create_user, login_random_user, create_order):\n    \n        create_order = MainPage(browser, BASE_URL)\n        create_order.moving_ingredient()\n        create_order.click_create_order_button()\n        expected_result = create_order.get_number_order()\n        create_order.click_close_order_button()\n>       create_order.click_orders_list_button()\n\ntests\\test_feed_page.py:78: \n_ _ _ _ _ _ _ _ _ _ _ _ _ _ _ _ _ _ _ _ _ _ _ _ _ _ _ _ _ _ _ _ _ _ _ _ _ _ _ _ _ _ _ _ _ _ _ _ _ _ _ _ _ _ _ _ _ _ _ _ _ _ _ _ _ _ _ _ _ _ _ _ _ _ _ _ _ _ _ _ _ _ _ _ _ _ _ _ _ _ _ _ _ _ _ _ _ _ _ _ _\npages\\main_page.py:28: in click_orders_list_button\n    self.click(MainPageLocator.BUTTON_ORDERS_LIST)\npages\\base_page.py:60: in click\n    ).click()\nD:\\REPO\\Python\\Yandex\\Sunshine\\.venv\\Lib\\site-packages\\selenium\\webdriver\\remote\\webelement.py:94: in click\n    self._execute(Command.CLICK_ELEMENT)\nD:\\REPO\\Python\\Yandex\\Sunshine\\.venv\\Lib\\site-packages\\selenium\\webdriver\\remote\\webelement.py:395: in _execute\n    return self._parent.execute(command, params)\nD:\\REPO\\Python\\Yandex\\Sunshine\\.venv\\Lib\\site-packages\\selenium\\webdriver\\remote\\webdriver.py:384: in execute\n    self.error_handler.check_response(response)\n_ _ _ _ _ _ _ _ _ _ _ _ _ _ _ _ _ _ _ _ _ _ _ _ _ _ _ _ _ _ _ _ _ _ _ _ _ _ _ _ _ _ _ _ _ _ _ _ _ _ _ _ _ _ _ _ _ _ _ _ _ _ _ _ _ _ _ _ _ _ _ _ _ _ _ _ _ _ _ _ _ _ _ _ _ _ _ _ _ _ _ _ _ _ _ _ _ _ _ _ _\n\nself = <selenium.webdriver.remote.errorhandler.ErrorHandler object at 0x000001C821D5AD50>\nresponse = {'status': 400, 'value': '{\"value\":{\"error\":\"element click intercepted\",\"message\":\"Element <p class=\\\\\"AppHeader_heade...ys.mjs:344:29\\\\nreceiveMessage@chrome://remote/content/marionette/actors/MarionetteCommandsChild.sys.mjs:220:31\\\\n\"}}'}\n\n    def check_response(self, response: Dict[str, Any]) -> None:\n        \"\"\"Checks that a JSON response from the WebDriver does not have an\n        error.\n    \n        :Args:\n         - response - The JSON response from the WebDriver server as a dictionary\n           object.\n    \n        :Raises: If the response contains an error message.\n        \"\"\"\n        status = response.get(\"status\", None)\n        if not status or status == ErrorCode.SUCCESS:\n            return\n        value = None\n        message = response.get(\"message\", \"\")\n        screen: str = response.get(\"screen\", \"\")\n        stacktrace = None\n        if isinstance(status, int):\n            value_json = response.get(\"value\", None)\n            if value_json and isinstance(value_json, str):\n                import json\n    \n                try:\n                    value = json.loads(value_json)\n                    if len(value) == 1:\n                        value = value[\"value\"]\n                    status = value.get(\"error\", None)\n                    if not status:\n                        status = value.get(\"status\", ErrorCode.UNKNOWN_ERROR)\n                        message = value.get(\"value\") or value.get(\"message\")\n                        if not isinstance(message, str):\n                            value = message\n                            message = message.get(\"message\")\n                    else:\n                        message = value.get(\"message\", None)\n                except ValueError:\n                    pass\n    \n        exception_class: Type[WebDriverException]\n        e = ErrorCode()\n        error_codes = [item for item in dir(e) if not item.startswith(\"__\")]\n        for error_code in error_codes:\n            error_info = getattr(ErrorCode, error_code)\n            if isinstance(error_info, list) and status in error_info:\n                exception_class = getattr(ExceptionMapping, error_code, WebDriverException)\n                break\n        else:\n            exception_class = WebDriverException\n    \n        if not value:\n            value = response[\"value\"]\n        if isinstance(value, str):\n            raise exception_class(value)\n        if message == \"\" and \"message\" in value:\n            message = value[\"message\"]\n    \n        screen = None  # type: ignore[assignment]\n        if \"screen\" in value:\n            screen = value[\"screen\"]\n    \n        stacktrace = None\n        st_value = value.get(\"stackTrace\") or value.get(\"stacktrace\")\n        if st_value:\n            if isinstance(st_value, str):\n                stacktrace = st_value.split(\"\\n\")\n            else:\n                stacktrace = []\n                try:\n                    for frame in st_value:\n                        line = frame.get(\"lineNumber\", \"\")\n                        file = frame.get(\"fileName\", \"<anonymous>\")\n                        if line:\n                            file = f\"{file}:{line}\"\n                        meth = frame.get(\"methodName\", \"<anonymous>\")\n                        if \"className\" in frame:\n                            meth = f\"{frame['className']}.{meth}\"\n                        msg = \"    at %s (%s)\"\n                        msg = msg % (meth, file)\n                        stacktrace.append(msg)\n                except TypeError:\n                    pass\n        if exception_class == UnexpectedAlertPresentException:\n            alert_text = None\n            if \"data\" in value:\n                alert_text = value[\"data\"].get(\"text\")\n            elif \"alert\" in value:\n                alert_text = value[\"alert\"].get(\"text\")\n            raise exception_class(message, screen, stacktrace, alert_text)  # type: ignore[call-arg]  # mypy is not smart enough here\n>       raise exception_class(message, screen, stacktrace)\nE       selenium.common.exceptions.ElementClickInterceptedException: Message: Element <p class=\"AppHeader_header__linkText__3q_va ml-2\"> is not clickable at point (300,44) because another element <div class=\"Modal_modal__contentBox__sCy8X pt-30 pb-30\"> obscures it\nE       Stacktrace:\nE       RemoteError@chrome://remote/content/shared/RemoteError.sys.mjs:8:8\nE       WebDriverError@chrome://remote/content/shared/webdriver/Errors.sys.mjs:197:5\nE       ElementClickInterceptedError@chrome://remote/content/shared/webdriver/Errors.sys.mjs:342:5\nE       webdriverClickElement@chrome://remote/content/marionette/interaction.sys.mjs:177:11\nE       interaction.clickElement@chrome://remote/content/marionette/interaction.sys.mjs:136:11\nE       clickElement@chrome://remote/content/marionette/actors/MarionetteCommandsChild.sys.mjs:344:29\nE       receiveMessage@chrome://remote/content/marionette/actors/MarionetteCommandsChild.sys.mjs:220:31\n\nD:\\REPO\\Python\\Yandex\\Sunshine\\.venv\\Lib\\site-packages\\selenium\\webdriver\\remote\\errorhandler.py:232: ElementClickInterceptedException"}, "description": "Тест проверяет, что после оформления заказа его номер появляется в разделе В работе", "steps": [{"name": "Инициализация страницы. Открытие URL: 'https://stellarburgers.nomoreparties.site'", "status": "passed", "parameters": [{"name": "driver", "value": "<selenium.webdriver.firefox.webdriver.WebDriver (session=\"b151a072-e450-4169-8f6e-f1b275f02255\")>"}, {"name": "url", "value": "'https://stellarburgers.nomoreparties.site'"}, {"name": "time", "value": "10"}], "start": 1739895231281, "stop": 1739895231829}, {"name": "Перенос ингредиента в поле создания бургера", "status": "passed", "steps": [{"name": "Ожидание исчезновения элемента с локатором: ['xpath', \"//*[contains(@class, 'Modal_modal__loading')]/following::div[@class='Modal_modal_overlay__x2ZCr']\"]", "status": "passed", "parameters": [{"name": "locator", "value": "['xpath', \"//*[contains(@class, 'Modal_modal__loading')]/following::div[@class='Modal_modal_overlay__x2ZCr']\"]"}], "start": 1739895231829, "stop": 1739895232361}, {"name": "Перемещение элемента из ['xpath', \".//a[contains(@href, '/ingredient/61c0c5a71d1f82001bdaaa6d')]\"] в ['xpath', \".//section[contains(@class, 'BurgerConstructor_basket')]\"]", "status": "passed", "parameters": [{"name": "source_locator", "value": "['xpath', \".//a[contains(@href, '/ingredient/61c0c5a71d1f82001bdaaa6d')]\"]"}, {"name": "new_locator", "value": "['xpath', \".//section[contains(@class, 'BurgerConstructor_basket')]\"]"}], "start": 1739895232362, "stop": 1739895232935}], "start": 1739895231829, "stop": 1739895232935}, {"name": "Нажатие кнопки \"Оформить заказ\"", "status": "passed", "steps": [{"name": "Клик по элементу с локатором: ['xpath', \".//button[text()='Оформить заказ']\"]", "status": "passed", "parameters": [{"name": "locator", "value": "['xpath', \".//button[text()='Оформить заказ']\"]"}, {"name": "time", "value": "10"}], "start": 1739895232935, "stop": 1739895233167}, {"name": "Ожидание исчезновения элемента с локатором: ['xpath', \"//*[contains(@class, 'Modal_modal__loading')]/following::div[@class='Modal_modal_overlay__x2ZCr']\"]", "status": "passed", "parameters": [{"name": "locator", "value": "['xpath', \"//*[contains(@class, 'Modal_modal__loading')]/following::div[@class='Modal_modal_overlay__x2ZCr']\"]"}], "start": 1739895233167, "stop": 1739895233688}], "start": 1739895232935, "stop": 1739895233688}, {"name": "Получение номера оформленного заказа", "status": "passed", "steps": [{"name": "Получение текста из элемента с локатором: ['xpath', \".//h2[contains(@class, 'Modal_modal__title_shadow')]\"]", "status": "passed", "parameters": [{"name": "locator", "value": "['xpath', \".//h2[contains(@class, 'Modal_modal__title_shadow')]\"]"}, {"name": "time", "value": "10"}], "start": 1739895254138, "stop": 1739895254151}], "start": 1739895233688, "stop": 1739895254151}, {"name": "Закрытие деталей оформленного заказа", "status": "passed", "steps": [{"name": "Ожидание исчезновения элемента с локатором: ['xpath', \"//*[contains(@class, 'Modal_modal__loading')]/following::div[@class='Modal_modal_overlay__x2ZCr']\"]", "status": "passed", "parameters": [{"name": "locator", "value": "['xpath', \"//*[contains(@class, 'Modal_modal__loading')]/following::div[@class='Modal_modal_overlay__x2ZCr']\"]"}], "start": 1739895254151, "stop": 1739895254159}, {"name": "Клик по элементу с локатором: ['xpath', \".//button[contains(@class, 'Modal_modal__close_modified')]\"]", "status": "passed", "parameters": [{"name": "locator", "value": "['xpath', \".//button[contains(@class, 'Modal_modal__close_modified')]\"]"}, {"name": "time", "value": "10"}], "start": 1739895254159, "stop": 1739895254388}], "start": 1739895254151, "stop": 1739895254388}, {"name": "Переход по кнопке \"Лента Заказов\"", "status": "broken", "statusDetails": {"message": "selenium.common.exceptions.ElementClickInterceptedException: Message: Element <p class=\"AppHeader_header__linkText__3q_va ml-2\"> is not clickable at point (300,44) because another element <div class=\"Modal_modal__contentBox__sCy8X pt-30 pb-30\"> obscures it\nStacktrace:\nRemoteError@chrome://remote/content/shared/RemoteError.sys.mjs:8:8\nWebDriverError@chrome://remote/content/shared/webdriver/Errors.sys.mjs:197:5\nElementClickInterceptedError@chrome://remote/content/shared/webdriver/Errors.sys.mjs:342:5\nwebdriverClickElement@chrome://remote/content/marionette/interaction.sys.mjs:177:11\ninteraction.clickElement@chrome://remote/content/marionette/interaction.sys.mjs:136:11\nclickElement@chrome://remote/content/marionette/actors/MarionetteCommandsChild.sys.mjs:344:29\nreceiveMessage@chrome://remote/content/marionette/actors/MarionetteCommandsChild.sys.mjs:220:31\n\n", "trace": "  File \"D:\\REPO\\Python\\Yandex\\Sunshine\\.venv\\Lib\\site-packages\\allure_commons\\_allure.py\", line 192, in impl\n    return func(*a, **kw)\n  File \"D:\\REPO\\yandex\\Diplom\\Diplom_3\\pages\\main_page.py\", line 28, in click_orders_list_button\n    self.click(MainPageLocator.BUTTON_ORDERS_LIST)\n    ~~~~~~~~~~^^^^^^^^^^^^^^^^^^^^^^^^^^^^^^^^^^^^\n  File \"D:\\REPO\\Python\\Yandex\\Sunshine\\.venv\\Lib\\site-packages\\allure_commons\\_allure.py\", line 192, in impl\n    return func(*a, **kw)\n  File \"D:\\REPO\\yandex\\Diplom\\Diplom_3\\pages\\base_page.py\", line 60, in click\n    ).click()\n      ~~~~~^^\n  File \"D:\\REPO\\Python\\Yandex\\Sunshine\\.venv\\Lib\\site-packages\\selenium\\webdriver\\remote\\webelement.py\", line 94, in click\n    self._execute(Command.CLICK_ELEMENT)\n    ~~~~~~~~~~~~~^^^^^^^^^^^^^^^^^^^^^^^\n  File \"D:\\REPO\\Python\\Yandex\\Sunshine\\.venv\\Lib\\site-packages\\selenium\\webdriver\\remote\\webelement.py\", line 395, in _execute\n    return self._parent.execute(command, params)\n           ~~~~~~~~~~~~~~~~~~~~^^^^^^^^^^^^^^^^^\n  File \"D:\\REPO\\Python\\Yandex\\Sunshine\\.venv\\Lib\\site-packages\\selenium\\webdriver\\remote\\webdriver.py\", line 384, in execute\n    self.error_handler.check_response(response)\n    ~~~~~~~~~~~~~~~~~~~~~~~~~~~~~~~~~^^^^^^^^^^\n  File \"D:\\REPO\\Python\\Yandex\\Sunshine\\.venv\\Lib\\site-packages\\selenium\\webdriver\\remote\\errorhandler.py\", line 232, in check_response\n    raise exception_class(message, screen, stacktrace)\n"}, "steps": [{"name": "Клик по элементу с локатором: ['xpath', \".//p[contains(text(), 'Лента Заказов')]\"]", "status": "broken", "statusDetails": {"message": "selenium.common.exceptions.ElementClickInterceptedException: Message: Element <p class=\"AppHeader_header__linkText__3q_va ml-2\"> is not clickable at point (300,44) because another element <div class=\"Modal_modal__contentBox__sCy8X pt-30 pb-30\"> obscures it\nStacktrace:\nRemoteError@chrome://remote/content/shared/RemoteError.sys.mjs:8:8\nWebDriverError@chrome://remote/content/shared/webdriver/Errors.sys.mjs:197:5\nElementClickInterceptedError@chrome://remote/content/shared/webdriver/Errors.sys.mjs:342:5\nwebdriverClickElement@chrome://remote/content/marionette/interaction.sys.mjs:177:11\ninteraction.clickElement@chrome://remote/content/marionette/interaction.sys.mjs:136:11\nclickElement@chrome://remote/content/marionette/actors/MarionetteCommandsChild.sys.mjs:344:29\nreceiveMessage@chrome://remote/content/marionette/actors/MarionetteCommandsChild.sys.mjs:220:31\n\n", "trace": "  File \"D:\\REPO\\Python\\Yandex\\Sunshine\\.venv\\Lib\\site-packages\\allure_commons\\_allure.py\", line 192, in impl\n    return func(*a, **kw)\n  File \"D:\\REPO\\yandex\\Diplom\\Diplom_3\\pages\\base_page.py\", line 60, in click\n    ).click()\n      ~~~~~^^\n  File \"D:\\REPO\\Python\\Yandex\\Sunshine\\.venv\\Lib\\site-packages\\selenium\\webdriver\\remote\\webelement.py\", line 94, in click\n    self._execute(Command.CLICK_ELEMENT)\n    ~~~~~~~~~~~~~^^^^^^^^^^^^^^^^^^^^^^^\n  File \"D:\\REPO\\Python\\Yandex\\Sunshine\\.venv\\Lib\\site-packages\\selenium\\webdriver\\remote\\webelement.py\", line 395, in _execute\n    return self._parent.execute(command, params)\n           ~~~~~~~~~~~~~~~~~~~~^^^^^^^^^^^^^^^^^\n  File \"D:\\REPO\\Python\\Yandex\\Sunshine\\.venv\\Lib\\site-packages\\selenium\\webdriver\\remote\\webdriver.py\", line 384, in execute\n    self.error_handler.check_response(response)\n    ~~~~~~~~~~~~~~~~~~~~~~~~~~~~~~~~~^^^^^^^^^^\n  File \"D:\\REPO\\Python\\Yandex\\Sunshine\\.venv\\Lib\\site-packages\\selenium\\webdriver\\remote\\errorhandler.py\", line 232, in check_response\n    raise exception_class(message, screen, stacktrace)\n"}, "parameters": [{"name": "locator", "value": "['xpath', \".//p[contains(text(), 'Лента Заказов')]\"]"}, {"name": "time", "value": "10"}], "start": 1739895254388, "stop": 1739895254402}], "start": 1739895254388, "stop": 1739895254411}], "parameters": [{"name": "browser", "value": "'firefox'"}], "start": 1739895231281, "stop": 1739895254413, "uuid": "edf53462-e3ca-4fa6-b406-f27a22828532", "historyId": "fd9dcbc8371b4e91a95be611c3a86fc5", "testCaseId": "d7747efc423636778c3317a10b46dea4", "fullName": "tests.test_feed_page.TestFeedPage#test_order_number_appeared_in_work", "labels": [{"name": "parentSuite", "value": "tests"}, {"name": "suite", "value": "test_feed_page"}, {"name": "subSuite", "value": "TestFeedPage"}, {"name": "host", "value": "DESKTOP-1H286BJ"}, {"name": "thread", "value": "30968-MainThread"}, {"name": "framework", "value": "pytest"}, {"name": "language", "value": "cpython3"}, {"name": "package", "value": "tests.test_feed_page"}]}