{"uuid": "fc3d135d-ae34-4302-bdb7-0343845a3df6", "children": ["78c627f3-6885-45b0-ae52-f3c332017cfc"], "befores": [{"name": "login_random_user", "status": "broken", "statusDetails": {"message": "selenium.common.exceptions.TimeoutException: Message: Не удалось найти элемент ['xpath', \".//h1[contains(text(), 'Соберите бургер')]\"]\nStacktrace:\nRemoteError@chrome://remote/content/shared/RemoteError.sys.mjs:8:8\nWebDriverError@chrome://remote/content/shared/webdriver/Errors.sys.mjs:197:5\nNoSuchElementError@chrome://remote/content/shared/webdriver/Errors.sys.mjs:527:5\ndom.find/</<@chrome://remote/content/shared/DOM.sys.mjs:136:16\n\n", "trace": "  File \"D:\\REPO\\Python\\Yandex\\Sunshine\\.venv\\Lib\\site-packages\\pluggy\\_callers.py\", line 166, in _multicall\n    teardown.throw(outcome._exception)\n    ~~~~~~~~~~~~~~^^^^^^^^^^^^^^^^^^^^\n  File \"D:\\REPO\\Python\\Yandex\\Sunshine\\.venv\\Lib\\site-packages\\_pytest\\setuponly.py\", line 36, in pytest_fixture_setup\n    return (yield)\n            ^^^^^\n  File \"D:\\REPO\\Python\\Yandex\\Sunshine\\.venv\\Lib\\site-packages\\pluggy\\_callers.py\", line 102, in _multicall\n    res = hook_impl.function(*args)\n  File \"D:\\REPO\\Python\\Yandex\\Sunshine\\.venv\\Lib\\site-packages\\_pytest\\fixtures.py\", line 1132, in pytest_fixture_setup\n    result = call_fixture_func(fixturefunc, request, kwargs)\n  File \"D:\\REPO\\Python\\Yandex\\Sunshine\\.venv\\Lib\\site-packages\\_pytest\\fixtures.py\", line 913, in call_fixture_func\n    fixture_result = fixturefunc(**kwargs)\n  File \"D:\\REPO\\yandex\\Diplom\\Diplom_3\\conftest.py\", line 86, in login_random_user\n    login_page.click_login_button()\n    ~~~~~~~~~~~~~~~~~~~~~~~~~~~~~^^\n  File \"D:\\REPO\\Python\\Yandex\\Sunshine\\.venv\\Lib\\site-packages\\allure_commons\\_allure.py\", line 192, in impl\n    return func(*a, **kw)\n  File \"D:\\REPO\\yandex\\Diplom\\Diplom_3\\pages\\login_page.py\", line 30, in click_login_button\n    self.find_element(MainPageLocator.TEXT_BURGER)\n    ~~~~~~~~~~~~~~~~~^^^^^^^^^^^^^^^^^^^^^^^^^^^^^\n  File \"D:\\REPO\\Python\\Yandex\\Sunshine\\.venv\\Lib\\site-packages\\allure_commons\\_allure.py\", line 192, in impl\n    return func(*a, **kw)\n  File \"D:\\REPO\\yandex\\Diplom\\Diplom_3\\pages\\base_page.py\", line 34, in find_element\n    return WebDriverWait(self.driver, time).until(\n           ~~~~~~~~~~~~~~~~~~~~~~~~~~~~~~~~~~~~~~^\n        EC.visibility_of_element_located(locator),\n        ^^^^^^^^^^^^^^^^^^^^^^^^^^^^^^^^^^^^^^^^^^\n        message=f'Не удалось найти элемент {locator}'\n        ^^^^^^^^^^^^^^^^^^^^^^^^^^^^^^^^^^^^^^^^^^^^^\n    )\n    ^\n  File \"D:\\REPO\\Python\\Yandex\\Sunshine\\.venv\\Lib\\site-packages\\selenium\\webdriver\\support\\wait.py\", line 105, in until\n    raise TimeoutException(message, screen, stacktrace)\n"}, "steps": [{"name": "Инициализация страницы. Открытие URL: 'https://stellarburgers.nomoreparties.site'", "status": "passed", "parameters": [{"name": "driver", "value": "<selenium.webdriver.firefox.webdriver.WebDriver (session=\"4659ec91-39bf-41e5-96c9-872944db68ab\")>"}, {"name": "url", "value": "'https://stellarburgers.nomoreparties.site'"}, {"name": "time", "value": "10"}], "start": 1739853695713, "stop": 1739853696057}, {"name": "Нажатие кнопки \"Личный кабинет\"", "status": "passed", "steps": [{"name": "Ожидание прогрузки элемента", "status": "passed", "parameters": [{"name": "locator", "value": "['xpath', \"//p[text()='Личный Кабинет']/parent::a\"]"}], "start": 1739853696057, "stop": 1739853696093}, {"name": "Нажатие на элемент", "status": "passed", "steps": [{"name": "Проверка кликабельности элемента", "status": "passed", "parameters": [{"name": "locator", "value": "['xpath', \"//p[text()='Личный Кабинет']/parent::a\"]"}], "start": 1739853696094, "stop": 1739853696107}], "parameters": [{"name": "locator", "value": "['xpath', \"//p[text()='Личный Кабинет']/parent::a\"]"}], "start": 1739853696094, "stop": 1739853696415}], "start": 1739853696057, "stop": 1739853696415}, {"name": "Инициализация страницы. Открытие URL: 'https://stellarburgers.nomoreparties.site/login'", "status": "passed", "parameters": [{"name": "driver", "value": "<selenium.webdriver.firefox.webdriver.WebDriver (session=\"4659ec91-39bf-41e5-96c9-872944db68ab\")>"}, {"name": "url", "value": "'https://stellarburgers.nomoreparties.site/login'"}, {"name": "time", "value": "10"}], "start": 1739853696416, "stop": 1739853697025}, {"name": "Вводим email и пароль", "status": "passed", "steps": [{"name": "Нажатие на элемент", "status": "passed", "steps": [{"name": "Проверка кликабельности элемента", "status": "passed", "parameters": [{"name": "locator", "value": "['xpath', \".//*[text()='Email']/following-sibling::input\"]"}], "start": 1739853697040, "stop": 1739853697052}], "parameters": [{"name": "locator", "value": "['xpath', \".//*[text()='Email']/following-sibling::input\"]"}], "start": 1739853697040, "stop": 1739853697341}, {"name": "Ввод текста \"'xcollins@example.net'\" в элемент с локатором: ['xpath', \".//*[text()='Email']/following-sibling::input\"]", "status": "passed", "steps": [{"name": "Поиск элемента по локатору: ['xpath', \".//*[text()='Email']/following-sibling::input\"]", "status": "passed", "parameters": [{"name": "locator", "value": "['xpath', \".//*[text()='Email']/following-sibling::input\"]"}, {"name": "time", "value": "20"}], "start": 1739853697341, "stop": 1739853697350}], "parameters": [{"name": "locator", "value": "['xpath', \".//*[text()='Email']/following-sibling::input\"]"}, {"name": "text", "value": "'xcollins@example.net'"}], "start": 1739853697341, "stop": 1739853697378}, {"name": "Нажатие на элемент", "status": "passed", "steps": [{"name": "Проверка кликабельности элемента", "status": "passed", "parameters": [{"name": "locator", "value": "['xpath', \".//*[text()='Пароль']/following-sibling::input\"]"}], "start": 1739853697378, "stop": 1739853697388}], "parameters": [{"name": "locator", "value": "['xpath', \".//*[text()='Пароль']/following-sibling::input\"]"}], "start": 1739853697378, "stop": 1739853697654}, {"name": "Ввод текста \"'B#2Tux37#9'\" в элемент с локатором: ['xpath', \".//*[text()='Пароль']/following-sibling::input\"]", "status": "passed", "steps": [{"name": "Поиск элемента по локатору: ['xpath', \".//*[text()='Пароль']/following-sibling::input\"]", "status": "passed", "parameters": [{"name": "locator", "value": "['xpath', \".//*[text()='Пароль']/following-sibling::input\"]"}, {"name": "time", "value": "20"}], "start": 1739853697655, "stop": 1739853697664}], "parameters": [{"name": "locator", "value": "['xpath', \".//*[text()='Пароль']/following-sibling::input\"]"}, {"name": "text", "value": "'B#2Tux37#9'"}], "start": 1739853697655, "stop": 1739853697682}], "parameters": [{"name": "email", "value": "'xcollins@example.net'"}, {"name": "password", "value": "'B#2Tux37#9'"}], "start": 1739853697026, "stop": 1739853697682}, {"name": "Возврат текста со страницы создания заказа после перехода по кнопке \"Войти\"", "status": "broken", "statusDetails": {"message": "selenium.common.exceptions.TimeoutException: Message: Не удалось найти элемент ['xpath', \".//h1[contains(text(), 'Соберите бургер')]\"]\nStacktrace:\nRemoteError@chrome://remote/content/shared/RemoteError.sys.mjs:8:8\nWebDriverError@chrome://remote/content/shared/webdriver/Errors.sys.mjs:197:5\nNoSuchElementError@chrome://remote/content/shared/webdriver/Errors.sys.mjs:527:5\ndom.find/</<@chrome://remote/content/shared/DOM.sys.mjs:136:16\n\n", "trace": "  File \"D:\\REPO\\Python\\Yandex\\Sunshine\\.venv\\Lib\\site-packages\\allure_commons\\_allure.py\", line 192, in impl\n    return func(*a, **kw)\n  File \"D:\\REPO\\yandex\\Diplom\\Diplom_3\\pages\\login_page.py\", line 30, in click_login_button\n    self.find_element(MainPageLocator.TEXT_BURGER)\n    ~~~~~~~~~~~~~~~~~^^^^^^^^^^^^^^^^^^^^^^^^^^^^^\n  File \"D:\\REPO\\Python\\Yandex\\Sunshine\\.venv\\Lib\\site-packages\\allure_commons\\_allure.py\", line 192, in impl\n    return func(*a, **kw)\n  File \"D:\\REPO\\yandex\\Diplom\\Diplom_3\\pages\\base_page.py\", line 34, in find_element\n    return WebDriverWait(self.driver, time).until(\n           ~~~~~~~~~~~~~~~~~~~~~~~~~~~~~~~~~~~~~~^\n        EC.visibility_of_element_located(locator),\n        ^^^^^^^^^^^^^^^^^^^^^^^^^^^^^^^^^^^^^^^^^^\n        message=f'Не удалось найти элемент {locator}'\n        ^^^^^^^^^^^^^^^^^^^^^^^^^^^^^^^^^^^^^^^^^^^^^\n    )\n    ^\n  File \"D:\\REPO\\Python\\Yandex\\Sunshine\\.venv\\Lib\\site-packages\\selenium\\webdriver\\support\\wait.py\", line 105, in until\n    raise TimeoutException(message, screen, stacktrace)\n"}, "steps": [{"name": "Ожидание исчезновения элемента с локатором: ['xpath', \"//*[contains(@class, 'Modal_modal__loading')]/following::div[@class='Modal_modal_overlay__x2ZCr']\"]", "status": "passed", "parameters": [{"name": "locator", "value": "['xpath', \"//*[contains(@class, 'Modal_modal__loading')]/following::div[@class='Modal_modal_overlay__x2ZCr']\"]"}], "start": 1739853697682, "stop": 1739853697689}, {"name": "Клик по элементу с локатором: ['xpath', \".//button[text()='Войти']\"]", "status": "passed", "parameters": [{"name": "locator", "value": "['xpath', \".//button[text()='Войти']\"]"}, {"name": "time", "value": "10"}], "start": 1739853697689, "stop": 1739853697921}, {"name": "Поиск элемента по локатору: ['xpath', \".//h1[contains(text(), 'Соберите бургер')]\"]", "status": "broken", "statusDetails": {"message": "selenium.common.exceptions.TimeoutException: Message: Не удалось найти элемент ['xpath', \".//h1[contains(text(), 'Соберите бургер')]\"]\nStacktrace:\nRemoteError@chrome://remote/content/shared/RemoteError.sys.mjs:8:8\nWebDriverError@chrome://remote/content/shared/webdriver/Errors.sys.mjs:197:5\nNoSuchElementError@chrome://remote/content/shared/webdriver/Errors.sys.mjs:527:5\ndom.find/</<@chrome://remote/content/shared/DOM.sys.mjs:136:16\n\n", "trace": "  File \"D:\\REPO\\Python\\Yandex\\Sunshine\\.venv\\Lib\\site-packages\\allure_commons\\_allure.py\", line 192, in impl\n    return func(*a, **kw)\n  File \"D:\\REPO\\yandex\\Diplom\\Diplom_3\\pages\\base_page.py\", line 34, in find_element\n    return WebDriverWait(self.driver, time).until(\n           ~~~~~~~~~~~~~~~~~~~~~~~~~~~~~~~~~~~~~~^\n        EC.visibility_of_element_located(locator),\n        ^^^^^^^^^^^^^^^^^^^^^^^^^^^^^^^^^^^^^^^^^^\n        message=f'Не удалось найти элемент {locator}'\n        ^^^^^^^^^^^^^^^^^^^^^^^^^^^^^^^^^^^^^^^^^^^^^\n    )\n    ^\n  File \"D:\\REPO\\Python\\Yandex\\Sunshine\\.venv\\Lib\\site-packages\\selenium\\webdriver\\support\\wait.py\", line 105, in until\n    raise TimeoutException(message, screen, stacktrace)\n"}, "parameters": [{"name": "locator", "value": "['xpath', \".//h1[contains(text(), 'Соберите бургер')]\"]"}, {"name": "time", "value": "20"}], "start": 1739853697921, "stop": 1739853718066}], "start": 1739853697682, "stop": 1739853718068}], "start": 1739853695713, "stop": 1739853718070}], "start": 1739853695713, "stop": 1739853730277}