{"uuid": "a63e9815-902e-4964-a7aa-e8f8c1c65759", "children": ["aa42a08b-dab6-4db3-9810-b9af5c1e1498"], "befores": [{"name": "login_random_user", "status": "broken", "statusDetails": {"message": "selenium.common.exceptions.TimeoutException: Message: Не удалось найти элемент ['xpath', \".//h1[contains(text(), 'Соберите бургер')]\"]\nStacktrace:\nRemoteError@chrome://remote/content/shared/RemoteError.sys.mjs:8:8\nWebDriverError@chrome://remote/content/shared/webdriver/Errors.sys.mjs:197:5\nNoSuchElementError@chrome://remote/content/shared/webdriver/Errors.sys.mjs:527:5\ndom.find/</<@chrome://remote/content/shared/DOM.sys.mjs:136:16\n\n", "trace": "  File \"D:\\REPO\\Python\\Yandex\\Sunshine\\.venv\\Lib\\site-packages\\pluggy\\_callers.py\", line 166, in _multicall\n    teardown.throw(outcome._exception)\n    ~~~~~~~~~~~~~~^^^^^^^^^^^^^^^^^^^^\n  File \"D:\\REPO\\Python\\Yandex\\Sunshine\\.venv\\Lib\\site-packages\\_pytest\\setuponly.py\", line 36, in pytest_fixture_setup\n    return (yield)\n            ^^^^^\n  File \"D:\\REPO\\Python\\Yandex\\Sunshine\\.venv\\Lib\\site-packages\\pluggy\\_callers.py\", line 102, in _multicall\n    res = hook_impl.function(*args)\n  File \"D:\\REPO\\Python\\Yandex\\Sunshine\\.venv\\Lib\\site-packages\\_pytest\\fixtures.py\", line 1132, in pytest_fixture_setup\n    result = call_fixture_func(fixturefunc, request, kwargs)\n  File \"D:\\REPO\\Python\\Yandex\\Sunshine\\.venv\\Lib\\site-packages\\_pytest\\fixtures.py\", line 913, in call_fixture_func\n    fixture_result = fixturefunc(**kwargs)\n  File \"D:\\REPO\\yandex\\Diplom\\Diplom_3\\conftest.py\", line 86, in login_random_user\n    login_page.click_login_button()\n    ~~~~~~~~~~~~~~~~~~~~~~~~~~~~~^^\n  File \"D:\\REPO\\Python\\Yandex\\Sunshine\\.venv\\Lib\\site-packages\\allure_commons\\_allure.py\", line 192, in impl\n    return func(*a, **kw)\n  File \"D:\\REPO\\yandex\\Diplom\\Diplom_3\\pages\\login_page.py\", line 30, in click_login_button\n    self.find_element(MainPageLocator.TEXT_BURGER)\n    ~~~~~~~~~~~~~~~~~^^^^^^^^^^^^^^^^^^^^^^^^^^^^^\n  File \"D:\\REPO\\Python\\Yandex\\Sunshine\\.venv\\Lib\\site-packages\\allure_commons\\_allure.py\", line 192, in impl\n    return func(*a, **kw)\n  File \"D:\\REPO\\yandex\\Diplom\\Diplom_3\\pages\\base_page.py\", line 34, in find_element\n    return WebDriverWait(self.driver, time).until(\n           ~~~~~~~~~~~~~~~~~~~~~~~~~~~~~~~~~~~~~~^\n        EC.visibility_of_element_located(locator),\n        ^^^^^^^^^^^^^^^^^^^^^^^^^^^^^^^^^^^^^^^^^^\n        message=f'Не удалось найти элемент {locator}'\n        ^^^^^^^^^^^^^^^^^^^^^^^^^^^^^^^^^^^^^^^^^^^^^\n    )\n    ^\n  File \"D:\\REPO\\Python\\Yandex\\Sunshine\\.venv\\Lib\\site-packages\\selenium\\webdriver\\support\\wait.py\", line 105, in until\n    raise TimeoutException(message, screen, stacktrace)\n"}, "steps": [{"name": "Инициализация страницы. Открытие URL: 'https://stellarburgers.nomoreparties.site'", "status": "passed", "parameters": [{"name": "driver", "value": "<selenium.webdriver.firefox.webdriver.WebDriver (session=\"1aa518fc-f948-4d34-9d24-9c928345618f\")>"}, {"name": "url", "value": "'https://stellarburgers.nomoreparties.site'"}, {"name": "time", "value": "10"}], "start": 1739896197863, "stop": 1739896198219}, {"name": "Нажатие кнопки \"Личный кабинет\"", "status": "passed", "steps": [{"name": "Ожидание прогрузки элемента", "status": "passed", "parameters": [{"name": "locator", "value": "['xpath', \"//p[text()='Личный Кабинет']/parent::a\"]"}], "start": 1739896198219, "stop": 1739896198250}, {"name": "Нажатие на элемент", "status": "passed", "steps": [{"name": "Проверка кликабельности элемента", "status": "passed", "parameters": [{"name": "locator", "value": "['xpath', \"//p[text()='Личный Кабинет']/parent::a\"]"}], "start": 1739896198250, "stop": 1739896198265}], "parameters": [{"name": "locator", "value": "['xpath', \"//p[text()='Личный Кабинет']/parent::a\"]"}], "start": 1739896198250, "stop": 1739896198572}], "start": 1739896198219, "stop": 1739896198572}, {"name": "Инициализация страницы. Открытие URL: 'https://stellarburgers.nomoreparties.site/login'", "status": "passed", "parameters": [{"name": "driver", "value": "<selenium.webdriver.firefox.webdriver.WebDriver (session=\"1aa518fc-f948-4d34-9d24-9c928345618f\")>"}, {"name": "url", "value": "'https://stellarburgers.nomoreparties.site/login'"}, {"name": "time", "value": "10"}], "start": 1739896198572, "stop": 1739896199382}, {"name": "Вводим email и пароль", "status": "passed", "steps": [{"name": "Нажатие на элемент", "status": "passed", "steps": [{"name": "Проверка кликабельности элемента", "status": "passed", "parameters": [{"name": "locator", "value": "['xpath', \".//*[text()='Email']/following-sibling::input\"]"}], "start": 1739896199394, "stop": 1739896199404}], "parameters": [{"name": "locator", "value": "['xpath', \".//*[text()='Email']/following-sibling::input\"]"}], "start": 1739896199393, "stop": 1739896199709}, {"name": "Ввод текста \"'xhorton@example.net'\" в элемент с локатором: ['xpath', \".//*[text()='Email']/following-sibling::input\"]", "status": "passed", "steps": [{"name": "Поиск элемента по локатору: ['xpath', \".//*[text()='Email']/following-sibling::input\"]", "status": "passed", "parameters": [{"name": "locator", "value": "['xpath', \".//*[text()='Email']/following-sibling::input\"]"}, {"name": "time", "value": "20"}], "start": 1739896199709, "stop": 1739896199716}], "parameters": [{"name": "locator", "value": "['xpath', \".//*[text()='Email']/following-sibling::input\"]"}, {"name": "text", "value": "'xhorton@example.net'"}], "start": 1739896199709, "stop": 1739896199744}, {"name": "Нажатие на элемент", "status": "passed", "steps": [{"name": "Проверка кликабельности элемента", "status": "passed", "parameters": [{"name": "locator", "value": "['xpath', \".//*[text()='Пароль']/following-sibling::input\"]"}], "start": 1739896199744, "stop": 1739896199753}], "parameters": [{"name": "locator", "value": "['xpath', \".//*[text()='Пароль']/following-sibling::input\"]"}], "start": 1739896199744, "stop": 1739896200042}, {"name": "Ввод текста \"'MGRvbWnM@8'\" в элемент с локатором: ['xpath', \".//*[text()='Пароль']/following-sibling::input\"]", "status": "passed", "steps": [{"name": "Поиск элемента по локатору: ['xpath', \".//*[text()='Пароль']/following-sibling::input\"]", "status": "passed", "parameters": [{"name": "locator", "value": "['xpath', \".//*[text()='Пароль']/following-sibling::input\"]"}, {"name": "time", "value": "20"}], "start": 1739896200042, "stop": 1739896200050}], "parameters": [{"name": "locator", "value": "['xpath', \".//*[text()='Пароль']/following-sibling::input\"]"}, {"name": "text", "value": "'MGRvbWnM@8'"}], "start": 1739896200042, "stop": 1739896200066}], "parameters": [{"name": "email", "value": "'xhorton@example.net'"}, {"name": "password", "value": "'MGRvbWnM@8'"}], "start": 1739896199382, "stop": 1739896200066}, {"name": "Возврат текста со страницы создания заказа после перехода по кнопке \"Войти\"", "status": "broken", "statusDetails": {"message": "selenium.common.exceptions.TimeoutException: Message: Не удалось найти элемент ['xpath', \".//h1[contains(text(), 'Соберите бургер')]\"]\nStacktrace:\nRemoteError@chrome://remote/content/shared/RemoteError.sys.mjs:8:8\nWebDriverError@chrome://remote/content/shared/webdriver/Errors.sys.mjs:197:5\nNoSuchElementError@chrome://remote/content/shared/webdriver/Errors.sys.mjs:527:5\ndom.find/</<@chrome://remote/content/shared/DOM.sys.mjs:136:16\n\n", "trace": "  File \"D:\\REPO\\Python\\Yandex\\Sunshine\\.venv\\Lib\\site-packages\\allure_commons\\_allure.py\", line 192, in impl\n    return func(*a, **kw)\n  File \"D:\\REPO\\yandex\\Diplom\\Diplom_3\\pages\\login_page.py\", line 30, in click_login_button\n    self.find_element(MainPageLocator.TEXT_BURGER)\n    ~~~~~~~~~~~~~~~~~^^^^^^^^^^^^^^^^^^^^^^^^^^^^^\n  File \"D:\\REPO\\Python\\Yandex\\Sunshine\\.venv\\Lib\\site-packages\\allure_commons\\_allure.py\", line 192, in impl\n    return func(*a, **kw)\n  File \"D:\\REPO\\yandex\\Diplom\\Diplom_3\\pages\\base_page.py\", line 34, in find_element\n    return WebDriverWait(self.driver, time).until(\n           ~~~~~~~~~~~~~~~~~~~~~~~~~~~~~~~~~~~~~~^\n        EC.visibility_of_element_located(locator),\n        ^^^^^^^^^^^^^^^^^^^^^^^^^^^^^^^^^^^^^^^^^^\n        message=f'Не удалось найти элемент {locator}'\n        ^^^^^^^^^^^^^^^^^^^^^^^^^^^^^^^^^^^^^^^^^^^^^\n    )\n    ^\n  File \"D:\\REPO\\Python\\Yandex\\Sunshine\\.venv\\Lib\\site-packages\\selenium\\webdriver\\support\\wait.py\", line 105, in until\n    raise TimeoutException(message, screen, stacktrace)\n"}, "steps": [{"name": "Ожидание исчезновения элемента с локатором: ['xpath', \"//*[contains(@class, 'Modal_modal__loading')]/following::div[@class='Modal_modal_overlay__x2ZCr']\"]", "status": "passed", "parameters": [{"name": "locator", "value": "['xpath', \"//*[contains(@class, 'Modal_modal__loading')]/following::div[@class='Modal_modal_overlay__x2ZCr']\"]"}], "start": 1739896200066, "stop": 1739896200073}, {"name": "Клик по элементу с локатором: ['xpath', \".//button[text()='Войти']\"]", "status": "passed", "parameters": [{"name": "locator", "value": "['xpath', \".//button[text()='Войти']\"]"}, {"name": "time", "value": "10"}], "start": 1739896200073, "stop": 1739896200313}, {"name": "Поиск элемента по локатору: ['xpath', \".//h1[contains(text(), 'Соберите бургер')]\"]", "status": "broken", "statusDetails": {"message": "selenium.common.exceptions.TimeoutException: Message: Не удалось найти элемент ['xpath', \".//h1[contains(text(), 'Соберите бургер')]\"]\nStacktrace:\nRemoteError@chrome://remote/content/shared/RemoteError.sys.mjs:8:8\nWebDriverError@chrome://remote/content/shared/webdriver/Errors.sys.mjs:197:5\nNoSuchElementError@chrome://remote/content/shared/webdriver/Errors.sys.mjs:527:5\ndom.find/</<@chrome://remote/content/shared/DOM.sys.mjs:136:16\n\n", "trace": "  File \"D:\\REPO\\Python\\Yandex\\Sunshine\\.venv\\Lib\\site-packages\\allure_commons\\_allure.py\", line 192, in impl\n    return func(*a, **kw)\n  File \"D:\\REPO\\yandex\\Diplom\\Diplom_3\\pages\\base_page.py\", line 34, in find_element\n    return WebDriverWait(self.driver, time).until(\n           ~~~~~~~~~~~~~~~~~~~~~~~~~~~~~~~~~~~~~~^\n        EC.visibility_of_element_located(locator),\n        ^^^^^^^^^^^^^^^^^^^^^^^^^^^^^^^^^^^^^^^^^^\n        message=f'Не удалось найти элемент {locator}'\n        ^^^^^^^^^^^^^^^^^^^^^^^^^^^^^^^^^^^^^^^^^^^^^\n    )\n    ^\n  File \"D:\\REPO\\Python\\Yandex\\Sunshine\\.venv\\Lib\\site-packages\\selenium\\webdriver\\support\\wait.py\", line 105, in until\n    raise TimeoutException(message, screen, stacktrace)\n"}, "parameters": [{"name": "locator", "value": "['xpath', \".//h1[contains(text(), 'Соберите бургер')]\"]"}, {"name": "time", "value": "20"}], "start": 1739896200313, "stop": 1739896220468}], "start": 1739896200066, "stop": 1739896220469}], "start": 1739896197863, "stop": 1739896220470}], "start": 1739896197863, "stop": 1739896232679}