{"uuid": "98741dfa-1adc-4f66-9762-eaf4d40805c2", "children": ["08e48f40-cd36-4bf7-a5d4-4f2b3973b5a9"], "befores": [{"name": "login_random_user", "status": "broken", "statusDetails": {"message": "selenium.common.exceptions.TimeoutException: Message: Не удалось найти элемент ['xpath', \".//h1[contains(text(), 'Соберите бургер')]\"]\nStacktrace:\nRemoteError@chrome://remote/content/shared/RemoteError.sys.mjs:8:8\nWebDriverError@chrome://remote/content/shared/webdriver/Errors.sys.mjs:197:5\nNoSuchElementError@chrome://remote/content/shared/webdriver/Errors.sys.mjs:527:5\ndom.find/</<@chrome://remote/content/shared/DOM.sys.mjs:136:16\n\n", "trace": "  File \"D:\\REPO\\Python\\Yandex\\Sunshine\\.venv\\Lib\\site-packages\\pluggy\\_callers.py\", line 166, in _multicall\n    teardown.throw(outcome._exception)\n    ~~~~~~~~~~~~~~^^^^^^^^^^^^^^^^^^^^\n  File \"D:\\REPO\\Python\\Yandex\\Sunshine\\.venv\\Lib\\site-packages\\_pytest\\setuponly.py\", line 36, in pytest_fixture_setup\n    return (yield)\n            ^^^^^\n  File \"D:\\REPO\\Python\\Yandex\\Sunshine\\.venv\\Lib\\site-packages\\pluggy\\_callers.py\", line 102, in _multicall\n    res = hook_impl.function(*args)\n  File \"D:\\REPO\\Python\\Yandex\\Sunshine\\.venv\\Lib\\site-packages\\_pytest\\fixtures.py\", line 1132, in pytest_fixture_setup\n    result = call_fixture_func(fixturefunc, request, kwargs)\n  File \"D:\\REPO\\Python\\Yandex\\Sunshine\\.venv\\Lib\\site-packages\\_pytest\\fixtures.py\", line 913, in call_fixture_func\n    fixture_result = fixturefunc(**kwargs)\n  File \"D:\\REPO\\yandex\\Diplom\\Diplom_3\\conftest.py\", line 86, in login_random_user\n    login_page.click_login_button()\n    ~~~~~~~~~~~~~~~~~~~~~~~~~~~~~^^\n  File \"D:\\REPO\\Python\\Yandex\\Sunshine\\.venv\\Lib\\site-packages\\allure_commons\\_allure.py\", line 192, in impl\n    return func(*a, **kw)\n  File \"D:\\REPO\\yandex\\Diplom\\Diplom_3\\pages\\login_page.py\", line 30, in click_login_button\n    self.find_element(MainPageLocator.TEXT_BURGER)\n    ~~~~~~~~~~~~~~~~~^^^^^^^^^^^^^^^^^^^^^^^^^^^^^\n  File \"D:\\REPO\\Python\\Yandex\\Sunshine\\.venv\\Lib\\site-packages\\allure_commons\\_allure.py\", line 192, in impl\n    return func(*a, **kw)\n  File \"D:\\REPO\\yandex\\Diplom\\Diplom_3\\pages\\base_page.py\", line 34, in find_element\n    return WebDriverWait(self.driver, time).until(\n           ~~~~~~~~~~~~~~~~~~~~~~~~~~~~~~~~~~~~~~^\n        EC.visibility_of_element_located(locator),\n        ^^^^^^^^^^^^^^^^^^^^^^^^^^^^^^^^^^^^^^^^^^\n        message=f'Не удалось найти элемент {locator}'\n        ^^^^^^^^^^^^^^^^^^^^^^^^^^^^^^^^^^^^^^^^^^^^^\n    )\n    ^\n  File \"D:\\REPO\\Python\\Yandex\\Sunshine\\.venv\\Lib\\site-packages\\selenium\\webdriver\\support\\wait.py\", line 105, in until\n    raise TimeoutException(message, screen, stacktrace)\n"}, "steps": [{"name": "Инициализация страницы. Открытие URL: 'https://stellarburgers.nomoreparties.site'", "status": "passed", "parameters": [{"name": "driver", "value": "<selenium.webdriver.firefox.webdriver.WebDriver (session=\"67e5552e-4c8b-4f1c-9f69-a4809a0b6cb5\")>"}, {"name": "url", "value": "'https://stellarburgers.nomoreparties.site'"}, {"name": "time", "value": "10"}], "start": 1739896394783, "stop": 1739896395149}, {"name": "Нажатие кнопки \"Личный кабинет\"", "status": "passed", "steps": [{"name": "Ожидание прогрузки элемента", "status": "passed", "parameters": [{"name": "locator", "value": "['xpath', \"//p[text()='Личный Кабинет']/parent::a\"]"}], "start": 1739896395149, "stop": 1739896395182}, {"name": "Нажатие на элемент", "status": "passed", "steps": [{"name": "Проверка кликабельности элемента", "status": "passed", "parameters": [{"name": "locator", "value": "['xpath', \"//p[text()='Личный Кабинет']/parent::a\"]"}], "start": 1739896395182, "stop": 1739896395198}], "parameters": [{"name": "locator", "value": "['xpath', \"//p[text()='Личный Кабинет']/parent::a\"]"}], "start": 1739896395182, "stop": 1739896395506}], "start": 1739896395149, "stop": 1739896395506}, {"name": "Инициализация страницы. Открытие URL: 'https://stellarburgers.nomoreparties.site/login'", "status": "passed", "parameters": [{"name": "driver", "value": "<selenium.webdriver.firefox.webdriver.WebDriver (session=\"67e5552e-4c8b-4f1c-9f69-a4809a0b6cb5\")>"}, {"name": "url", "value": "'https://stellarburgers.nomoreparties.site/login'"}, {"name": "time", "value": "10"}], "start": 1739896395506, "stop": 1739896396278}, {"name": "Вводим email и пароль", "status": "passed", "steps": [{"name": "Нажатие на элемент", "status": "passed", "steps": [{"name": "Проверка кликабельности элемента", "status": "passed", "parameters": [{"name": "locator", "value": "['xpath', \".//*[text()='Email']/following-sibling::input\"]"}], "start": 1739896396293, "stop": 1739896396307}], "parameters": [{"name": "locator", "value": "['xpath', \".//*[text()='Email']/following-sibling::input\"]"}], "start": 1739896396293, "stop": 1739896396626}, {"name": "Ввод текста \"'katherine31@example.net'\" в элемент с локатором: ['xpath', \".//*[text()='Email']/following-sibling::input\"]", "status": "passed", "steps": [{"name": "Поиск элемента по локатору: ['xpath', \".//*[text()='Email']/following-sibling::input\"]", "status": "passed", "parameters": [{"name": "locator", "value": "['xpath', \".//*[text()='Email']/following-sibling::input\"]"}, {"name": "time", "value": "20"}], "start": 1739896396626, "stop": 1739896396635}], "parameters": [{"name": "locator", "value": "['xpath', \".//*[text()='Email']/following-sibling::input\"]"}, {"name": "text", "value": "'katherine31@example.net'"}], "start": 1739896396626, "stop": 1739896396666}, {"name": "Нажатие на элемент", "status": "passed", "steps": [{"name": "Проверка кликабельности элемента", "status": "passed", "parameters": [{"name": "locator", "value": "['xpath', \".//*[text()='Пароль']/following-sibling::input\"]"}], "start": 1739896396666, "stop": 1739896396678}], "parameters": [{"name": "locator", "value": "['xpath', \".//*[text()='Пароль']/following-sibling::input\"]"}], "start": 1739896396666, "stop": 1739896396944}, {"name": "Ввод текста \"'!miUlOgDU1'\" в элемент с локатором: ['xpath', \".//*[text()='Пароль']/following-sibling::input\"]", "status": "passed", "steps": [{"name": "Поиск элемента по локатору: ['xpath', \".//*[text()='Пароль']/following-sibling::input\"]", "status": "passed", "parameters": [{"name": "locator", "value": "['xpath', \".//*[text()='Пароль']/following-sibling::input\"]"}, {"name": "time", "value": "20"}], "start": 1739896396944, "stop": 1739896396954}], "parameters": [{"name": "locator", "value": "['xpath', \".//*[text()='Пароль']/following-sibling::input\"]"}, {"name": "text", "value": "'!miUlOgDU1'"}], "start": 1739896396944, "stop": 1739896396968}], "parameters": [{"name": "email", "value": "'katherine31@example.net'"}, {"name": "password", "value": "'!miUlOgDU1'"}], "start": 1739896396278, "stop": 1739896396968}, {"name": "Возврат текста со страницы создания заказа после перехода по кнопке \"Войти\"", "status": "broken", "statusDetails": {"message": "selenium.common.exceptions.TimeoutException: Message: Не удалось найти элемент ['xpath', \".//h1[contains(text(), 'Соберите бургер')]\"]\nStacktrace:\nRemoteError@chrome://remote/content/shared/RemoteError.sys.mjs:8:8\nWebDriverError@chrome://remote/content/shared/webdriver/Errors.sys.mjs:197:5\nNoSuchElementError@chrome://remote/content/shared/webdriver/Errors.sys.mjs:527:5\ndom.find/</<@chrome://remote/content/shared/DOM.sys.mjs:136:16\n\n", "trace": "  File \"D:\\REPO\\Python\\Yandex\\Sunshine\\.venv\\Lib\\site-packages\\allure_commons\\_allure.py\", line 192, in impl\n    return func(*a, **kw)\n  File \"D:\\REPO\\yandex\\Diplom\\Diplom_3\\pages\\login_page.py\", line 30, in click_login_button\n    self.find_element(MainPageLocator.TEXT_BURGER)\n    ~~~~~~~~~~~~~~~~~^^^^^^^^^^^^^^^^^^^^^^^^^^^^^\n  File \"D:\\REPO\\Python\\Yandex\\Sunshine\\.venv\\Lib\\site-packages\\allure_commons\\_allure.py\", line 192, in impl\n    return func(*a, **kw)\n  File \"D:\\REPO\\yandex\\Diplom\\Diplom_3\\pages\\base_page.py\", line 34, in find_element\n    return WebDriverWait(self.driver, time).until(\n           ~~~~~~~~~~~~~~~~~~~~~~~~~~~~~~~~~~~~~~^\n        EC.visibility_of_element_located(locator),\n        ^^^^^^^^^^^^^^^^^^^^^^^^^^^^^^^^^^^^^^^^^^\n        message=f'Не удалось найти элемент {locator}'\n        ^^^^^^^^^^^^^^^^^^^^^^^^^^^^^^^^^^^^^^^^^^^^^\n    )\n    ^\n  File \"D:\\REPO\\Python\\Yandex\\Sunshine\\.venv\\Lib\\site-packages\\selenium\\webdriver\\support\\wait.py\", line 105, in until\n    raise TimeoutException(message, screen, stacktrace)\n"}, "steps": [{"name": "Ожидание исчезновения элемента с локатором: ['xpath', \"//*[contains(@class, 'Modal_modal__loading')]/following::div[@class='Modal_modal_overlay__x2ZCr']\"]", "status": "passed", "parameters": [{"name": "locator", "value": "['xpath', \"//*[contains(@class, 'Modal_modal__loading')]/following::div[@class='Modal_modal_overlay__x2ZCr']\"]"}], "start": 1739896396968, "stop": 1739896396977}, {"name": "Клик по элементу с локатором: ['xpath', \".//button[text()='Войти']\"]", "status": "passed", "parameters": [{"name": "locator", "value": "['xpath', \".//button[text()='Войти']\"]"}, {"name": "time", "value": "10"}], "start": 1739896396978, "stop": 1739896397216}, {"name": "Поиск элемента по локатору: ['xpath', \".//h1[contains(text(), 'Соберите бургер')]\"]", "status": "broken", "statusDetails": {"message": "selenium.common.exceptions.TimeoutException: Message: Не удалось найти элемент ['xpath', \".//h1[contains(text(), 'Соберите бургер')]\"]\nStacktrace:\nRemoteError@chrome://remote/content/shared/RemoteError.sys.mjs:8:8\nWebDriverError@chrome://remote/content/shared/webdriver/Errors.sys.mjs:197:5\nNoSuchElementError@chrome://remote/content/shared/webdriver/Errors.sys.mjs:527:5\ndom.find/</<@chrome://remote/content/shared/DOM.sys.mjs:136:16\n\n", "trace": "  File \"D:\\REPO\\Python\\Yandex\\Sunshine\\.venv\\Lib\\site-packages\\allure_commons\\_allure.py\", line 192, in impl\n    return func(*a, **kw)\n  File \"D:\\REPO\\yandex\\Diplom\\Diplom_3\\pages\\base_page.py\", line 34, in find_element\n    return WebDriverWait(self.driver, time).until(\n           ~~~~~~~~~~~~~~~~~~~~~~~~~~~~~~~~~~~~~~^\n        EC.visibility_of_element_located(locator),\n        ^^^^^^^^^^^^^^^^^^^^^^^^^^^^^^^^^^^^^^^^^^\n        message=f'Не удалось найти элемент {locator}'\n        ^^^^^^^^^^^^^^^^^^^^^^^^^^^^^^^^^^^^^^^^^^^^^\n    )\n    ^\n  File \"D:\\REPO\\Python\\Yandex\\Sunshine\\.venv\\Lib\\site-packages\\selenium\\webdriver\\support\\wait.py\", line 105, in until\n    raise TimeoutException(message, screen, stacktrace)\n"}, "parameters": [{"name": "locator", "value": "['xpath', \".//h1[contains(text(), 'Соберите бургер')]\"]"}, {"name": "time", "value": "20"}], "start": 1739896397216, "stop": 1739896417394}], "start": 1739896396968, "stop": 1739896417394}], "start": 1739896394783, "stop": 1739896417395}], "start": 1739896394783, "stop": 1739896417413}