{"uuid": "f39c2f03-e5b5-43ca-a1d3-3a4a4adb21a6", "children": ["7907c13d-81a5-4faa-aa18-462221c8d1c9"], "befores": [{"name": "login_random_user", "status": "broken", "statusDetails": {"message": "selenium.common.exceptions.TimeoutException: Message: Не удалось найти элемент ['xpath', \".//h1[contains(text(), 'Соберите бургер')]\"]\nStacktrace:\n\tGetHandleVerifier [0x00AF02D3+25139]\n\t(No symbol) [0x00A7B284]\n\t(No symbol) [0x009504A3]\n\t(No symbol) [0x00998338]\n\t(No symbol) [0x0099868B]\n\t(No symbol) [0x009E0F62]\n\t(No symbol) [0x009BCF84]\n\t(No symbol) [0x009DE6E1]\n\t(No symbol) [0x009BCD36]\n\t(No symbol) [0x0098BD29]\n\t(No symbol) [0x0098D064]\n\tGetHandleVerifier [0x00DFB193+3215603]\n\tGetHandleVerifier [0x00E1230A+3310186]\n\tGetHandleVerifier [0x00E0C522+3286146]\n\tGetHandleVerifier [0x00B89CD0+654384]\n\t(No symbol) [0x00A8460D]\n\t(No symbol) [0x00A814F8]\n\t(No symbol) [0x00A81697]\n\t(No symbol) [0x00A73D70]\n\tBaseThreadInitThunk [0x76567BA9+25]\n\tRtlInitializeExceptionChain [0x77A6C28B+107]\n\tRtlClearBits [0x77A6C20F+191]\n\n", "trace": "  File \"D:\\REPO\\Python\\Yandex\\Sunshine\\.venv\\Lib\\site-packages\\pluggy\\_callers.py\", line 166, in _multicall\n    teardown.throw(outcome._exception)\n    ~~~~~~~~~~~~~~^^^^^^^^^^^^^^^^^^^^\n  File \"D:\\REPO\\Python\\Yandex\\Sunshine\\.venv\\Lib\\site-packages\\_pytest\\setuponly.py\", line 36, in pytest_fixture_setup\n    return (yield)\n            ^^^^^\n  File \"D:\\REPO\\Python\\Yandex\\Sunshine\\.venv\\Lib\\site-packages\\pluggy\\_callers.py\", line 102, in _multicall\n    res = hook_impl.function(*args)\n  File \"D:\\REPO\\Python\\Yandex\\Sunshine\\.venv\\Lib\\site-packages\\_pytest\\fixtures.py\", line 1132, in pytest_fixture_setup\n    result = call_fixture_func(fixturefunc, request, kwargs)\n  File \"D:\\REPO\\Python\\Yandex\\Sunshine\\.venv\\Lib\\site-packages\\_pytest\\fixtures.py\", line 913, in call_fixture_func\n    fixture_result = fixturefunc(**kwargs)\n  File \"D:\\REPO\\yandex\\Diplom\\Diplom_3\\conftest.py\", line 86, in login_random_user\n    login_page.click_login_button()\n    ~~~~~~~~~~~~~~~~~~~~~~~~~~~~~^^\n  File \"D:\\REPO\\Python\\Yandex\\Sunshine\\.venv\\Lib\\site-packages\\allure_commons\\_allure.py\", line 192, in impl\n    return func(*a, **kw)\n  File \"D:\\REPO\\yandex\\Diplom\\Diplom_3\\pages\\login_page.py\", line 30, in click_login_button\n    self.find_element(MainPageLocator.TEXT_BURGER)\n    ~~~~~~~~~~~~~~~~~^^^^^^^^^^^^^^^^^^^^^^^^^^^^^\n  File \"D:\\REPO\\Python\\Yandex\\Sunshine\\.venv\\Lib\\site-packages\\allure_commons\\_allure.py\", line 192, in impl\n    return func(*a, **kw)\n  File \"D:\\REPO\\yandex\\Diplom\\Diplom_3\\pages\\base_page.py\", line 34, in find_element\n    return WebDriverWait(self.driver, time).until(\n           ~~~~~~~~~~~~~~~~~~~~~~~~~~~~~~~~~~~~~~^\n        EC.visibility_of_element_located(locator),\n        ^^^^^^^^^^^^^^^^^^^^^^^^^^^^^^^^^^^^^^^^^^\n        message=f'Не удалось найти элемент {locator}'\n        ^^^^^^^^^^^^^^^^^^^^^^^^^^^^^^^^^^^^^^^^^^^^^\n    )\n    ^\n  File \"D:\\REPO\\Python\\Yandex\\Sunshine\\.venv\\Lib\\site-packages\\selenium\\webdriver\\support\\wait.py\", line 105, in until\n    raise TimeoutException(message, screen, stacktrace)\n"}, "steps": [{"name": "Инициализация страницы. Открытие URL: 'https://stellarburgers.nomoreparties.site'", "status": "passed", "parameters": [{"name": "driver", "value": "<selenium.webdriver.chrome.webdriver.WebDriver (session=\"f62812fa3542f6c25238de5819f87cf6\")>"}, {"name": "url", "value": "'https://stellarburgers.nomoreparties.site'"}, {"name": "time", "value": "10"}], "start": 1739853843321, "stop": 1739853843636}, {"name": "Нажатие кнопки \"Личный кабинет\"", "status": "passed", "steps": [{"name": "Ожидание прогрузки элемента", "status": "passed", "parameters": [{"name": "locator", "value": "['xpath', \"//p[text()='Личный Кабинет']/parent::a\"]"}], "start": 1739853843636, "stop": 1739853843666}, {"name": "Нажатие на элемент", "status": "passed", "steps": [{"name": "Проверка кликабельности элемента", "status": "passed", "parameters": [{"name": "locator", "value": "['xpath', \"//p[text()='Личный Кабинет']/parent::a\"]"}], "start": 1739853843666, "stop": 1739853843690}], "parameters": [{"name": "locator", "value": "['xpath', \"//p[text()='Личный Кабинет']/parent::a\"]"}], "start": 1739853843666, "stop": 1739853843990}], "start": 1739853843636, "stop": 1739853843990}, {"name": "Инициализация страницы. Открытие URL: 'https://stellarburgers.nomoreparties.site/login'", "status": "passed", "parameters": [{"name": "driver", "value": "<selenium.webdriver.chrome.webdriver.WebDriver (session=\"f62812fa3542f6c25238de5819f87cf6\")>"}, {"name": "url", "value": "'https://stellarburgers.nomoreparties.site/login'"}, {"name": "time", "value": "10"}], "start": 1739853843991, "stop": 1739853844404}, {"name": "Вводим email и пароль", "status": "passed", "steps": [{"name": "Нажатие на элемент", "status": "passed", "steps": [{"name": "Проверка кликабельности элемента", "status": "passed", "parameters": [{"name": "locator", "value": "['xpath', \".//*[text()='Email']/following-sibling::input\"]"}], "start": 1739853844424, "stop": 1739853844442}], "parameters": [{"name": "locator", "value": "['xpath', \".//*[text()='Email']/following-sibling::input\"]"}], "start": 1739853844424, "stop": 1739853844722}, {"name": "Ввод текста \"'ubrown@example.net'\" в элемент с локатором: ['xpath', \".//*[text()='Email']/following-sibling::input\"]", "status": "passed", "steps": [{"name": "Поиск элемента по локатору: ['xpath', \".//*[text()='Email']/following-sibling::input\"]", "status": "passed", "parameters": [{"name": "locator", "value": "['xpath', \".//*[text()='Email']/following-sibling::input\"]"}, {"name": "time", "value": "20"}], "start": 1739853844722, "stop": 1739853844738}], "parameters": [{"name": "locator", "value": "['xpath', \".//*[text()='Email']/following-sibling::input\"]"}, {"name": "text", "value": "'ubrown@example.net'"}], "start": 1739853844722, "stop": 1739853844789}, {"name": "Нажатие на элемент", "status": "passed", "steps": [{"name": "Проверка кликабельности элемента", "status": "passed", "parameters": [{"name": "locator", "value": "['xpath', \".//*[text()='Пароль']/following-sibling::input\"]"}], "start": 1739853844789, "stop": 1739853844811}], "parameters": [{"name": "locator", "value": "['xpath', \".//*[text()='Пароль']/following-sibling::input\"]"}], "start": 1739853844789, "stop": 1739853845105}, {"name": "Ввод текста \"'^k#4ABWm_x'\" в элемент с локатором: ['xpath', \".//*[text()='Пароль']/following-sibling::input\"]", "status": "passed", "steps": [{"name": "Поиск элемента по локатору: ['xpath', \".//*[text()='Пароль']/following-sibling::input\"]", "status": "passed", "parameters": [{"name": "locator", "value": "['xpath', \".//*[text()='Пароль']/following-sibling::input\"]"}, {"name": "time", "value": "20"}], "start": 1739853845105, "stop": 1739853845119}], "parameters": [{"name": "locator", "value": "['xpath', \".//*[text()='Пароль']/following-sibling::input\"]"}, {"name": "text", "value": "'^k#4ABWm_x'"}], "start": 1739853845105, "stop": 1739853845151}], "parameters": [{"name": "email", "value": "'ubrown@example.net'"}, {"name": "password", "value": "'^k#4ABWm_x'"}], "start": 1739853844404, "stop": 1739853845151}, {"name": "Возврат текста со страницы создания заказа после перехода по кнопке \"Войти\"", "status": "broken", "statusDetails": {"message": "selenium.common.exceptions.TimeoutException: Message: Не удалось найти элемент ['xpath', \".//h1[contains(text(), 'Соберите бургер')]\"]\nStacktrace:\n\tGetHandleVerifier [0x00AF02D3+25139]\n\t(No symbol) [0x00A7B284]\n\t(No symbol) [0x009504A3]\n\t(No symbol) [0x00998338]\n\t(No symbol) [0x0099868B]\n\t(No symbol) [0x009E0F62]\n\t(No symbol) [0x009BCF84]\n\t(No symbol) [0x009DE6E1]\n\t(No symbol) [0x009BCD36]\n\t(No symbol) [0x0098BD29]\n\t(No symbol) [0x0098D064]\n\tGetHandleVerifier [0x00DFB193+3215603]\n\tGetHandleVerifier [0x00E1230A+3310186]\n\tGetHandleVerifier [0x00E0C522+3286146]\n\tGetHandleVerifier [0x00B89CD0+654384]\n\t(No symbol) [0x00A8460D]\n\t(No symbol) [0x00A814F8]\n\t(No symbol) [0x00A81697]\n\t(No symbol) [0x00A73D70]\n\tBaseThreadInitThunk [0x76567BA9+25]\n\tRtlInitializeExceptionChain [0x77A6C28B+107]\n\tRtlClearBits [0x77A6C20F+191]\n\n", "trace": "  File \"D:\\REPO\\Python\\Yandex\\Sunshine\\.venv\\Lib\\site-packages\\allure_commons\\_allure.py\", line 192, in impl\n    return func(*a, **kw)\n  File \"D:\\REPO\\yandex\\Diplom\\Diplom_3\\pages\\login_page.py\", line 30, in click_login_button\n    self.find_element(MainPageLocator.TEXT_BURGER)\n    ~~~~~~~~~~~~~~~~~^^^^^^^^^^^^^^^^^^^^^^^^^^^^^\n  File \"D:\\REPO\\Python\\Yandex\\Sunshine\\.venv\\Lib\\site-packages\\allure_commons\\_allure.py\", line 192, in impl\n    return func(*a, **kw)\n  File \"D:\\REPO\\yandex\\Diplom\\Diplom_3\\pages\\base_page.py\", line 34, in find_element\n    return WebDriverWait(self.driver, time).until(\n           ~~~~~~~~~~~~~~~~~~~~~~~~~~~~~~~~~~~~~~^\n        EC.visibility_of_element_located(locator),\n        ^^^^^^^^^^^^^^^^^^^^^^^^^^^^^^^^^^^^^^^^^^\n        message=f'Не удалось найти элемент {locator}'\n        ^^^^^^^^^^^^^^^^^^^^^^^^^^^^^^^^^^^^^^^^^^^^^\n    )\n    ^\n  File \"D:\\REPO\\Python\\Yandex\\Sunshine\\.venv\\Lib\\site-packages\\selenium\\webdriver\\support\\wait.py\", line 105, in until\n    raise TimeoutException(message, screen, stacktrace)\n"}, "steps": [{"name": "Ожидание исчезновения элемента с локатором: ['xpath', \"//*[contains(@class, 'Modal_modal__loading')]/following::div[@class='Modal_modal_overlay__x2ZCr']\"]", "status": "passed", "parameters": [{"name": "locator", "value": "['xpath', \"//*[contains(@class, 'Modal_modal__loading')]/following::div[@class='Modal_modal_overlay__x2ZCr']\"]"}], "start": 1739853845151, "stop": 1739853845166}, {"name": "Клик по элементу с локатором: ['xpath', \".//button[text()='Войти']\"]", "status": "passed", "parameters": [{"name": "locator", "value": "['xpath', \".//button[text()='Войти']\"]"}, {"name": "time", "value": "10"}], "start": 1739853845166, "stop": 1739853845243}, {"name": "Поиск элемента по локатору: ['xpath', \".//h1[contains(text(), 'Соберите бургер')]\"]", "status": "broken", "statusDetails": {"message": "selenium.common.exceptions.TimeoutException: Message: Не удалось найти элемент ['xpath', \".//h1[contains(text(), 'Соберите бургер')]\"]\nStacktrace:\n\tGetHandleVerifier [0x00AF02D3+25139]\n\t(No symbol) [0x00A7B284]\n\t(No symbol) [0x009504A3]\n\t(No symbol) [0x00998338]\n\t(No symbol) [0x0099868B]\n\t(No symbol) [0x009E0F62]\n\t(No symbol) [0x009BCF84]\n\t(No symbol) [0x009DE6E1]\n\t(No symbol) [0x009BCD36]\n\t(No symbol) [0x0098BD29]\n\t(No symbol) [0x0098D064]\n\tGetHandleVerifier [0x00DFB193+3215603]\n\tGetHandleVerifier [0x00E1230A+3310186]\n\tGetHandleVerifier [0x00E0C522+3286146]\n\tGetHandleVerifier [0x00B89CD0+654384]\n\t(No symbol) [0x00A8460D]\n\t(No symbol) [0x00A814F8]\n\t(No symbol) [0x00A81697]\n\t(No symbol) [0x00A73D70]\n\tBaseThreadInitThunk [0x76567BA9+25]\n\tRtlInitializeExceptionChain [0x77A6C28B+107]\n\tRtlClearBits [0x77A6C20F+191]\n\n", "trace": "  File \"D:\\REPO\\Python\\Yandex\\Sunshine\\.venv\\Lib\\site-packages\\allure_commons\\_allure.py\", line 192, in impl\n    return func(*a, **kw)\n  File \"D:\\REPO\\yandex\\Diplom\\Diplom_3\\pages\\base_page.py\", line 34, in find_element\n    return WebDriverWait(self.driver, time).until(\n           ~~~~~~~~~~~~~~~~~~~~~~~~~~~~~~~~~~~~~~^\n        EC.visibility_of_element_located(locator),\n        ^^^^^^^^^^^^^^^^^^^^^^^^^^^^^^^^^^^^^^^^^^\n        message=f'Не удалось найти элемент {locator}'\n        ^^^^^^^^^^^^^^^^^^^^^^^^^^^^^^^^^^^^^^^^^^^^^\n    )\n    ^\n  File \"D:\\REPO\\Python\\Yandex\\Sunshine\\.venv\\Lib\\site-packages\\selenium\\webdriver\\support\\wait.py\", line 105, in until\n    raise TimeoutException(message, screen, stacktrace)\n"}, "parameters": [{"name": "locator", "value": "['xpath', \".//h1[contains(text(), 'Соберите бургер')]\"]"}, {"name": "time", "value": "20"}], "start": 1739853845243, "stop": 1739853865652}], "start": 1739853845151, "stop": 1739853865653}], "start": 1739853843321, "stop": 1739853865654}], "start": 1739853843321, "stop": 1739853865671}