{"name": "Проверка отображения существующего заказа из истории пользователя в ленте заказов", "status": "broken", "statusDetails": {"message": "selenium.common.exceptions.TimeoutException: Message: \nStacktrace:\nRemoteError@chrome://remote/content/shared/RemoteError.sys.mjs:8:8\nWebDriverError@chrome://remote/content/shared/webdriver/Errors.sys.mjs:197:5\nNoSuchElementError@chrome://remote/content/shared/webdriver/Errors.sys.mjs:527:5\ndom.find/</<@chrome://remote/content/shared/DOM.sys.mjs:136:16", "trace": "self = <tests.test_feed_page.TestFeedPage object at 0x000001C821E342B0>, browser = <selenium.webdriver.firefox.webdriver.WebDriver (session=\"182bf810-db6e-400d-b264-998c25636d19\")>\ncreate_user = ({'email': 'tristan79@example.org', 'name': 'Shannon Sullivan', 'password': 'MGK@3K0c^1'}, <Response [200]>), login_random_user = None\ncreate_order = <pages.main_page.MainPage object at 0x000001C821E52C10>\n\n    @allure.title('Проверка отображения существующего заказа из истории пользователя в ленте заказов')\n    def test_display_orders_from_order_history_in_order_list(self, browser, create_user, login_random_user, create_order):\n    \n        create_order = MainPage(browser, BASE_URL)\n        create_order.moving_ingredient()\n        create_order.click_create_order_button()\n        create_order.click_close_order_button()\n        user_account = UserAccountPage(browser, BASE_URL)\n        create_order.click_user_account_button()\n>       expected_result = user_account.click_history_orders_button_in_profile()\n\ntests\\test_feed_page.py:30: \n_ _ _ _ _ _ _ _ _ _ _ _ _ _ _ _ _ _ _ _ _ _ _ _ _ _ _ _ _ _ _ _ _ _ _ _ _ _ _ _ _ _ _ _ _ _ _ _ _ _ _ _ _ _ _ _ _ _ _ _ _ _ _ _ _ _ _ _ _ _ _ _ _ _ _ _ _ _ _ _ _ _ _ _ _ _ _ _ _ _ _ _ _ _ _ _ _ _ _ _ _\npages\\user_account_page.py:26: in click_history_orders_button_in_profile\n    return self.get_text_on_element(UAL.TEXT_ORDER)\npages\\base_page.py:145: in get_text_on_element\n    self.wait_visibility_of_element(locator)\npages\\base_page.py:122: in wait_visibility_of_element\n    WebDriverWait(self.driver, 10).until(EC.visibility_of_element_located(locator))\n_ _ _ _ _ _ _ _ _ _ _ _ _ _ _ _ _ _ _ _ _ _ _ _ _ _ _ _ _ _ _ _ _ _ _ _ _ _ _ _ _ _ _ _ _ _ _ _ _ _ _ _ _ _ _ _ _ _ _ _ _ _ _ _ _ _ _ _ _ _ _ _ _ _ _ _ _ _ _ _ _ _ _ _ _ _ _ _ _ _ _ _ _ _ _ _ _ _ _ _ _\n\nself = <selenium.webdriver.support.wait.WebDriverWait (session=\"182bf810-db6e-400d-b264-998c25636d19\")>, method = <function visibility_of_element_located.<locals>._predicate at 0x000001C821E9D6C0>\nmessage = ''\n\n    def until(self, method: Callable[[D], Union[Literal[False], T]], message: str = \"\") -> T:\n        \"\"\"Calls the method provided with the driver as an argument until the \\\n        return value does not evaluate to ``False``.\n    \n        :param method: callable(WebDriver)\n        :param message: optional message for :exc:`TimeoutException`\n        :returns: the result of the last call to `method`\n        :raises: :exc:`selenium.common.exceptions.TimeoutException` if timeout occurs\n        \"\"\"\n        screen = None\n        stacktrace = None\n    \n        end_time = time.monotonic() + self._timeout\n        while True:\n            try:\n                value = method(self._driver)\n                if value:\n                    return value\n            except self._ignored_exceptions as exc:\n                screen = getattr(exc, \"screen\", None)\n                stacktrace = getattr(exc, \"stacktrace\", None)\n            if time.monotonic() > end_time:\n                break\n            time.sleep(self._poll)\n>       raise TimeoutException(message, screen, stacktrace)\nE       selenium.common.exceptions.TimeoutException: Message: \nE       Stacktrace:\nE       RemoteError@chrome://remote/content/shared/RemoteError.sys.mjs:8:8\nE       WebDriverError@chrome://remote/content/shared/webdriver/Errors.sys.mjs:197:5\nE       NoSuchElementError@chrome://remote/content/shared/webdriver/Errors.sys.mjs:527:5\nE       dom.find/</<@chrome://remote/content/shared/DOM.sys.mjs:136:16\n\nD:\\REPO\\Python\\Yandex\\Sunshine\\.venv\\Lib\\site-packages\\selenium\\webdriver\\support\\wait.py:105: TimeoutException"}, "steps": [{"name": "Инициализация страницы. Открытие URL: 'https://stellarburgers.nomoreparties.site'", "status": "passed", "parameters": [{"name": "driver", "value": "<selenium.webdriver.firefox.webdriver.WebDriver (session=\"182bf810-db6e-400d-b264-998c25636d19\")>"}, {"name": "url", "value": "'https://stellarburgers.nomoreparties.site'"}, {"name": "time", "value": "10"}], "start": 1739895037873, "stop": 1739895038212}, {"name": "Перенос ингредиента в поле создания бургера", "status": "passed", "steps": [{"name": "Ожидание исчезновения элемента с локатором: ['xpath', \"//*[contains(@class, 'Modal_modal__loading')]/following::div[@class='Modal_modal_overlay__x2ZCr']\"]", "status": "passed", "parameters": [{"name": "locator", "value": "['xpath', \"//*[contains(@class, 'Modal_modal__loading')]/following::div[@class='Modal_modal_overlay__x2ZCr']\"]"}], "start": 1739895038213, "stop": 1739895038736}, {"name": "Перемещение элемента из ['xpath', \".//a[contains(@href, '/ingredient/61c0c5a71d1f82001bdaaa6d')]\"] в ['xpath', \".//section[contains(@class, 'BurgerConstructor_basket')]\"]", "status": "passed", "parameters": [{"name": "source_locator", "value": "['xpath', \".//a[contains(@href, '/ingredient/61c0c5a71d1f82001bdaaa6d')]\"]"}, {"name": "new_locator", "value": "['xpath', \".//section[contains(@class, 'BurgerConstructor_basket')]\"]"}], "start": 1739895038736, "stop": 1739895039307}], "start": 1739895038212, "stop": 1739895039307}, {"name": "Нажатие кнопки \"Оформить заказ\"", "status": "passed", "steps": [{"name": "Клик по элементу с локатором: ['xpath', \".//button[text()='Оформить заказ']\"]", "status": "passed", "parameters": [{"name": "locator", "value": "['xpath', \".//button[text()='Оформить заказ']\"]"}, {"name": "time", "value": "10"}], "start": 1739895039307, "stop": 1739895039539}, {"name": "Ожидание исчезновения элемента с локатором: ['xpath', \"//*[contains(@class, 'Modal_modal__loading')]/following::div[@class='Modal_modal_overlay__x2ZCr']\"]", "status": "passed", "parameters": [{"name": "locator", "value": "['xpath', \"//*[contains(@class, 'Modal_modal__loading')]/following::div[@class='Modal_modal_overlay__x2ZCr']\"]"}], "start": 1739895039539, "stop": 1739895040062}], "start": 1739895039307, "stop": 1739895040062}, {"name": "Закрытие деталей оформленного заказа", "status": "passed", "steps": [{"name": "Ожидание исчезновения элемента с локатором: ['xpath', \"//*[contains(@class, 'Modal_modal__loading')]/following::div[@class='Modal_modal_overlay__x2ZCr']\"]", "status": "passed", "parameters": [{"name": "locator", "value": "['xpath', \"//*[contains(@class, 'Modal_modal__loading')]/following::div[@class='Modal_modal_overlay__x2ZCr']\"]"}], "start": 1739895040063, "stop": 1739895040071}, {"name": "Клик по элементу с локатором: ['xpath', \".//button[contains(@class, 'Modal_modal__close_modified')]\"]", "status": "passed", "parameters": [{"name": "locator", "value": "['xpath', \".//button[contains(@class, 'Modal_modal__close_modified')]\"]"}, {"name": "time", "value": "10"}], "start": 1739895040072, "stop": 1739895040295}], "start": 1739895040063, "stop": 1739895040295}, {"name": "Инициализация страницы. Открытие URL: 'https://stellarburgers.nomoreparties.site'", "status": "passed", "parameters": [{"name": "driver", "value": "<selenium.webdriver.firefox.webdriver.WebDriver (session=\"182bf810-db6e-400d-b264-998c25636d19\")>"}, {"name": "url", "value": "'https://stellarburgers.nomoreparties.site'"}, {"name": "time", "value": "10"}], "start": 1739895040295, "stop": 1739895040682}, {"name": "Нажатие кнопки \"Личный кабинет\"", "status": "passed", "steps": [{"name": "Ожидание прогрузки элемента", "status": "passed", "parameters": [{"name": "locator", "value": "['xpath', \"//p[text()='Личный Кабинет']/parent::a\"]"}], "start": 1739895040682, "stop": 1739895040709}, {"name": "Нажатие на элемент", "status": "passed", "steps": [{"name": "Проверка кликабельности элемента", "status": "passed", "parameters": [{"name": "locator", "value": "['xpath', \"//p[text()='Личный Кабинет']/parent::a\"]"}], "start": 1739895040709, "stop": 1739895040729}], "parameters": [{"name": "locator", "value": "['xpath', \"//p[text()='Личный Кабинет']/parent::a\"]"}], "start": 1739895040709, "stop": 1739895041012}], "start": 1739895040682, "stop": 1739895041012}, {"name": "Переход в историю заказов и возврат названия заказа", "status": "broken", "statusDetails": {"message": "selenium.common.exceptions.TimeoutException: Message: \nStacktrace:\nRemoteError@chrome://remote/content/shared/RemoteError.sys.mjs:8:8\nWebDriverError@chrome://remote/content/shared/webdriver/Errors.sys.mjs:197:5\nNoSuchElementError@chrome://remote/content/shared/webdriver/Errors.sys.mjs:527:5\ndom.find/</<@chrome://remote/content/shared/DOM.sys.mjs:136:16\n\n", "trace": "  File \"D:\\REPO\\Python\\Yandex\\Sunshine\\.venv\\Lib\\site-packages\\allure_commons\\_allure.py\", line 192, in impl\n    return func(*a, **kw)\n  File \"D:\\REPO\\yandex\\Diplom\\Diplom_3\\pages\\user_account_page.py\", line 26, in click_history_orders_button_in_profile\n    return self.get_text_on_element(UAL.TEXT_ORDER)\n           ~~~~~~~~~~~~~~~~~~~~~~~~^^^^^^^^^^^^^^^^\n  File \"D:\\REPO\\Python\\Yandex\\Sunshine\\.venv\\Lib\\site-packages\\allure_commons\\_allure.py\", line 192, in impl\n    return func(*a, **kw)\n  File \"D:\\REPO\\yandex\\Diplom\\Diplom_3\\pages\\base_page.py\", line 145, in get_text_on_element\n    self.wait_visibility_of_element(locator)\n    ~~~~~~~~~~~~~~~~~~~~~~~~~~~~~~~^^^^^^^^^\n  File \"D:\\REPO\\Python\\Yandex\\Sunshine\\.venv\\Lib\\site-packages\\allure_commons\\_allure.py\", line 192, in impl\n    return func(*a, **kw)\n  File \"D:\\REPO\\yandex\\Diplom\\Diplom_3\\pages\\base_page.py\", line 122, in wait_visibility_of_element\n    WebDriverWait(self.driver, 10).until(EC.visibility_of_element_located(locator))\n    ~~~~~~~~~~~~~~~~~~~~~~~~~~~~~~~~~~~~^^^^^^^^^^^^^^^^^^^^^^^^^^^^^^^^^^^^^^^^^^^\n  File \"D:\\REPO\\Python\\Yandex\\Sunshine\\.venv\\Lib\\site-packages\\selenium\\webdriver\\support\\wait.py\", line 105, in until\n    raise TimeoutException(message, screen, stacktrace)\n"}, "steps": [{"name": "Клик по элементу с локатором: ['xpath', \".//a[text()='История заказов']\"]", "status": "passed", "parameters": [{"name": "locator", "value": "['xpath', \".//a[text()='История заказов']\"]"}, {"name": "time", "value": "10"}], "start": 1739895041012, "stop": 1739895041758}, {"name": "Получение текста на элементе", "status": "broken", "statusDetails": {"message": "selenium.common.exceptions.TimeoutException: Message: \nStacktrace:\nRemoteError@chrome://remote/content/shared/RemoteError.sys.mjs:8:8\nWebDriverError@chrome://remote/content/shared/webdriver/Errors.sys.mjs:197:5\nNoSuchElementError@chrome://remote/content/shared/webdriver/Errors.sys.mjs:527:5\ndom.find/</<@chrome://remote/content/shared/DOM.sys.mjs:136:16\n\n", "trace": "  File \"D:\\REPO\\Python\\Yandex\\Sunshine\\.venv\\Lib\\site-packages\\allure_commons\\_allure.py\", line 192, in impl\n    return func(*a, **kw)\n  File \"D:\\REPO\\yandex\\Diplom\\Diplom_3\\pages\\base_page.py\", line 145, in get_text_on_element\n    self.wait_visibility_of_element(locator)\n    ~~~~~~~~~~~~~~~~~~~~~~~~~~~~~~~^^^^^^^^^\n  File \"D:\\REPO\\Python\\Yandex\\Sunshine\\.venv\\Lib\\site-packages\\allure_commons\\_allure.py\", line 192, in impl\n    return func(*a, **kw)\n  File \"D:\\REPO\\yandex\\Diplom\\Diplom_3\\pages\\base_page.py\", line 122, in wait_visibility_of_element\n    WebDriverWait(self.driver, 10).until(EC.visibility_of_element_located(locator))\n    ~~~~~~~~~~~~~~~~~~~~~~~~~~~~~~~~~~~~^^^^^^^^^^^^^^^^^^^^^^^^^^^^^^^^^^^^^^^^^^^\n  File \"D:\\REPO\\Python\\Yandex\\Sunshine\\.venv\\Lib\\site-packages\\selenium\\webdriver\\support\\wait.py\", line 105, in until\n    raise TimeoutException(message, screen, stacktrace)\n"}, "steps": [{"name": "Ожидание прогрузки элемента", "status": "broken", "statusDetails": {"message": "selenium.common.exceptions.TimeoutException: Message: \nStacktrace:\nRemoteError@chrome://remote/content/shared/RemoteError.sys.mjs:8:8\nWebDriverError@chrome://remote/content/shared/webdriver/Errors.sys.mjs:197:5\nNoSuchElementError@chrome://remote/content/shared/webdriver/Errors.sys.mjs:527:5\ndom.find/</<@chrome://remote/content/shared/DOM.sys.mjs:136:16\n\n", "trace": "  File \"D:\\REPO\\Python\\Yandex\\Sunshine\\.venv\\Lib\\site-packages\\allure_commons\\_allure.py\", line 192, in impl\n    return func(*a, **kw)\n  File \"D:\\REPO\\yandex\\Diplom\\Diplom_3\\pages\\base_page.py\", line 122, in wait_visibility_of_element\n    WebDriverWait(self.driver, 10).until(EC.visibility_of_element_located(locator))\n    ~~~~~~~~~~~~~~~~~~~~~~~~~~~~~~~~~~~~^^^^^^^^^^^^^^^^^^^^^^^^^^^^^^^^^^^^^^^^^^^\n  File \"D:\\REPO\\Python\\Yandex\\Sunshine\\.venv\\Lib\\site-packages\\selenium\\webdriver\\support\\wait.py\", line 105, in until\n    raise TimeoutException(message, screen, stacktrace)\n"}, "parameters": [{"name": "locator", "value": "['xpath', \".//h2[text()='Флюоресцентный бургер']\"]"}], "start": 1739895041758, "stop": 1739895051843}], "parameters": [{"name": "locator", "value": "['xpath', \".//h2[text()='Флюоресцентный бургер']\"]"}], "start": 1739895041758, "stop": 1739895051849}], "start": 1739895041012, "stop": 1739895051850}], "parameters": [{"name": "browser", "value": "'firefox'"}], "start": 1739895037873, "stop": 1739895051854, "uuid": "48a6fa1c-b85e-4772-be72-56a26028136c", "historyId": "d892298bf6f6303c23e0ca1015123823", "testCaseId": "1bd35f2a74dbe29d22e04bcd77b08985", "fullName": "tests.test_feed_page.TestFeedPage#test_display_orders_from_order_history_in_order_list", "labels": [{"name": "parentSuite", "value": "tests"}, {"name": "suite", "value": "test_feed_page"}, {"name": "subSuite", "value": "TestFeedPage"}, {"name": "host", "value": "DESKTOP-1H286BJ"}, {"name": "thread", "value": "30968-MainThread"}, {"name": "framework", "value": "pytest"}, {"name": "language", "value": "cpython3"}, {"name": "package", "value": "tests.test_feed_page"}]}